        -:    0:Source:/mnt/d/labs_prog_cpp/lab1/test_cases.cc
        -:    0:Graph:/mnt/d/labs_prog_cpp/lab1/cmake-build-debug-coverage/CMakeFiles/main_test.dir/test_cases.cc.gcno
        -:    0:Data:/mnt/d/labs_prog_cpp/lab1/cmake-build-debug-coverage/CMakeFiles/main_test.dir/test_cases.cc.gcda
        -:    0:Runs:1
        -:    1:#include <gtest/gtest.h>
        -:    2:
        -:    3:#include "linker/linker.h"
        -:    4:
        -:    5:
        4:    6:TEST(Point, Creation) {
        1:    7:    Point a(0, 0);
        1:    8:    Point b(1, 0);
        1:    9:    Point c(1.1, -1);
        -:   10:
       1*:   11:    EXPECT_EQ(a.getX(), 0);
       1*:   12:    EXPECT_EQ(a.getY(), 0);
        -:   13:
       1*:   14:    EXPECT_EQ(b.getX(), 1);
       1*:   15:    EXPECT_EQ(b.getY(), 0);
        -:   16:
       1*:   17:    EXPECT_EQ(c.getX(), 1.1);
       1*:   18:    EXPECT_EQ(c.getY(), -1);
        1:   19:}
------------------
_ZN19Point_Creation_TestC2Ev:
function _ZN19Point_Creation_TestC2Ev called 1 returned 100% blocks executed 100%
        1:    6:TEST(Point, Creation) {
        1:    6-block  0
call    0 returned 1
------------------
_ZN19Point_Creation_TestD0Ev:
function _ZN19Point_Creation_TestD0Ev called 1 returned 100% blocks executed 100%
        1:    6:TEST(Point, Creation) {
        1:    6-block  0
call    0 returned 1
call    1 returned 1
------------------
_ZN19Point_Creation_TestD2Ev:
function _ZN19Point_Creation_TestD2Ev called 1 returned 100% blocks executed 100%
        1:    6:TEST(Point, Creation) {
        1:    6-block  0
call    0 returned 1
------------------
_ZN19Point_Creation_Test8TestBodyEv:
function _ZN19Point_Creation_Test8TestBodyEv called 1 returned 100% blocks executed 23%
        1:    6:TEST(Point, Creation) {
        1:    7:    Point a(0, 0);
        1:    7-block  0
call    0 returned 1
        1:    8:    Point b(1, 0);
call    0 returned 1
        1:    9:    Point c(1.1, -1);
call    0 returned 1
        -:   10:
       1*:   11:    EXPECT_EQ(a.getX(), 0);
call    0 returned 1
call    1 returned 1
branch  2 taken 1 (fallthrough)
branch  3 taken 0 (throw)
        1:   11-block  0
call    4 returned 1
branch  5 taken 0 (fallthrough)
branch  6 taken 1
    %%%%%:   11-block  1
call    7 never executed
branch  8 never executed
branch  9 never executed
    %%%%%:   11-block  2
call   10 never executed
call   11 never executed
branch 12 never executed
branch 13 never executed
    %%%%%:   11-block  3
call   14 never executed
branch 15 never executed
branch 16 never executed
    %%%%%:   11-block  4
call   17 never executed
call   18 never executed
        1:   11-block  5
call   19 returned 1
    $$$$$:   11-block  6
    $$$$$:   11-block  7
    $$$$$:   11-block  8
call   20 never executed
    $$$$$:   11-block  9
    $$$$$:   11-block 10
call   21 never executed
    $$$$$:   11-block 11
    $$$$$:   11-block 12
call   22 never executed
       1*:   12:    EXPECT_EQ(a.getY(), 0);
call    0 returned 1
call    1 returned 1
branch  2 taken 1 (fallthrough)
branch  3 taken 0 (throw)
        1:   12-block  0
call    4 returned 1
branch  5 taken 0 (fallthrough)
branch  6 taken 1
    %%%%%:   12-block  1
call    7 never executed
branch  8 never executed
branch  9 never executed
    %%%%%:   12-block  2
call   10 never executed
call   11 never executed
branch 12 never executed
branch 13 never executed
    %%%%%:   12-block  3
call   14 never executed
branch 15 never executed
branch 16 never executed
    %%%%%:   12-block  4
call   17 never executed
call   18 never executed
        1:   12-block  5
call   19 returned 1
    $$$$$:   12-block  6
    $$$$$:   12-block  7
    $$$$$:   12-block  8
call   20 never executed
    $$$$$:   12-block  9
    $$$$$:   12-block 10
call   21 never executed
    $$$$$:   12-block 11
    $$$$$:   12-block 12
call   22 never executed
        -:   13:
       1*:   14:    EXPECT_EQ(b.getX(), 1);
call    0 returned 1
call    1 returned 1
branch  2 taken 1 (fallthrough)
branch  3 taken 0 (throw)
        1:   14-block  0
call    4 returned 1
branch  5 taken 0 (fallthrough)
branch  6 taken 1
    %%%%%:   14-block  1
call    7 never executed
branch  8 never executed
branch  9 never executed
    %%%%%:   14-block  2
call   10 never executed
call   11 never executed
branch 12 never executed
branch 13 never executed
    %%%%%:   14-block  3
call   14 never executed
branch 15 never executed
branch 16 never executed
    %%%%%:   14-block  4
call   17 never executed
call   18 never executed
        1:   14-block  5
call   19 returned 1
    $$$$$:   14-block  6
    $$$$$:   14-block  7
    $$$$$:   14-block  8
call   20 never executed
    $$$$$:   14-block  9
    $$$$$:   14-block 10
call   21 never executed
    $$$$$:   14-block 11
    $$$$$:   14-block 12
call   22 never executed
       1*:   15:    EXPECT_EQ(b.getY(), 0);
call    0 returned 1
call    1 returned 1
branch  2 taken 1 (fallthrough)
branch  3 taken 0 (throw)
        1:   15-block  0
call    4 returned 1
branch  5 taken 0 (fallthrough)
branch  6 taken 1
    %%%%%:   15-block  1
call    7 never executed
branch  8 never executed
branch  9 never executed
    %%%%%:   15-block  2
call   10 never executed
call   11 never executed
branch 12 never executed
branch 13 never executed
    %%%%%:   15-block  3
call   14 never executed
branch 15 never executed
branch 16 never executed
    %%%%%:   15-block  4
call   17 never executed
call   18 never executed
        1:   15-block  5
call   19 returned 1
    $$$$$:   15-block  6
    $$$$$:   15-block  7
    $$$$$:   15-block  8
call   20 never executed
    $$$$$:   15-block  9
    $$$$$:   15-block 10
call   21 never executed
    $$$$$:   15-block 11
    $$$$$:   15-block 12
call   22 never executed
        -:   16:
       1*:   17:    EXPECT_EQ(c.getX(), 1.1);
call    0 returned 1
call    1 returned 1
branch  2 taken 1 (fallthrough)
branch  3 taken 0 (throw)
        1:   17-block  0
call    4 returned 1
branch  5 taken 0 (fallthrough)
branch  6 taken 1
    %%%%%:   17-block  1
call    7 never executed
branch  8 never executed
branch  9 never executed
    %%%%%:   17-block  2
call   10 never executed
call   11 never executed
branch 12 never executed
branch 13 never executed
    %%%%%:   17-block  3
call   14 never executed
branch 15 never executed
branch 16 never executed
    %%%%%:   17-block  4
call   17 never executed
call   18 never executed
        1:   17-block  5
call   19 returned 1
    $$$$$:   17-block  6
    $$$$$:   17-block  7
    $$$$$:   17-block  8
call   20 never executed
    $$$$$:   17-block  9
    $$$$$:   17-block 10
call   21 never executed
    $$$$$:   17-block 11
    $$$$$:   17-block 12
call   22 never executed
       1*:   18:    EXPECT_EQ(c.getY(), -1);
call    0 returned 1
call    1 returned 1
branch  2 taken 1 (fallthrough)
branch  3 taken 0 (throw)
        1:   18-block  0
call    4 returned 1
branch  5 taken 0 (fallthrough)
branch  6 taken 1
    %%%%%:   18-block  1
call    7 never executed
branch  8 never executed
branch  9 never executed
    %%%%%:   18-block  2
call   10 never executed
call   11 never executed
branch 12 never executed
branch 13 never executed
    %%%%%:   18-block  3
call   14 never executed
branch 15 never executed
branch 16 never executed
    %%%%%:   18-block  4
call   17 never executed
call   18 never executed
        1:   18-block  5
call   19 returned 1
    $$$$$:   18-block  6
    $$$$$:   18-block  7
    $$$$$:   18-block  8
call   20 never executed
    $$$$$:   18-block  9
    $$$$$:   18-block 10
call   21 never executed
    $$$$$:   18-block 11
    $$$$$:   18-block 12
call   22 never executed
        1:   19:}
------------------
        -:   20:
        4:   21:TEST(Point, Setting) {
        1:   22:    Point c(1.1, -1);
        -:   23:
        1:   24:    c.setX(2);
        1:   25:    c.setY(4);
        -:   26:
       1*:   27:    EXPECT_EQ(c.getX(), 2);
       1*:   28:    EXPECT_EQ(c.getY(), 4);
        1:   29:}
------------------
_ZN18Point_Setting_TestC2Ev:
function _ZN18Point_Setting_TestC2Ev called 1 returned 100% blocks executed 100%
        1:   21:TEST(Point, Setting) {
        1:   21-block  0
call    0 returned 1
------------------
_ZN18Point_Setting_TestD0Ev:
function _ZN18Point_Setting_TestD0Ev called 1 returned 100% blocks executed 100%
        1:   21:TEST(Point, Setting) {
        1:   21-block  0
call    0 returned 1
call    1 returned 1
------------------
_ZN18Point_Setting_TestD2Ev:
function _ZN18Point_Setting_TestD2Ev called 1 returned 100% blocks executed 100%
        1:   21:TEST(Point, Setting) {
        1:   21-block  0
call    0 returned 1
------------------
_ZN18Point_Setting_Test8TestBodyEv:
function _ZN18Point_Setting_Test8TestBodyEv called 1 returned 100% blocks executed 27%
        1:   21:TEST(Point, Setting) {
        1:   22:    Point c(1.1, -1);
        1:   22-block  0
call    0 returned 1
        -:   23:
        1:   24:    c.setX(2);
call    0 returned 1
        1:   25:    c.setY(4);
call    0 returned 1
        -:   26:
       1*:   27:    EXPECT_EQ(c.getX(), 2);
call    0 returned 1
call    1 returned 1
branch  2 taken 1 (fallthrough)
branch  3 taken 0 (throw)
        1:   27-block  0
call    4 returned 1
branch  5 taken 0 (fallthrough)
branch  6 taken 1
    %%%%%:   27-block  1
call    7 never executed
branch  8 never executed
branch  9 never executed
    %%%%%:   27-block  2
call   10 never executed
call   11 never executed
branch 12 never executed
branch 13 never executed
    %%%%%:   27-block  3
call   14 never executed
branch 15 never executed
branch 16 never executed
    %%%%%:   27-block  4
call   17 never executed
call   18 never executed
        1:   27-block  5
call   19 returned 1
    $$$$$:   27-block  6
    $$$$$:   27-block  7
    $$$$$:   27-block  8
call   20 never executed
    $$$$$:   27-block  9
    $$$$$:   27-block 10
call   21 never executed
    $$$$$:   27-block 11
    $$$$$:   27-block 12
call   22 never executed
       1*:   28:    EXPECT_EQ(c.getY(), 4);
call    0 returned 1
call    1 returned 1
branch  2 taken 1 (fallthrough)
branch  3 taken 0 (throw)
        1:   28-block  0
call    4 returned 1
branch  5 taken 0 (fallthrough)
branch  6 taken 1
    %%%%%:   28-block  1
call    7 never executed
branch  8 never executed
branch  9 never executed
    %%%%%:   28-block  2
call   10 never executed
call   11 never executed
branch 12 never executed
branch 13 never executed
    %%%%%:   28-block  3
call   14 never executed
branch 15 never executed
branch 16 never executed
    %%%%%:   28-block  4
call   17 never executed
call   18 never executed
        1:   28-block  5
call   19 returned 1
    $$$$$:   28-block  6
    $$$$$:   28-block  7
    $$$$$:   28-block  8
call   20 never executed
    $$$$$:   28-block  9
    $$$$$:   28-block 10
call   21 never executed
    $$$$$:   28-block 11
    $$$$$:   28-block 12
call   22 never executed
        1:   29:}
------------------
        -:   30:
        4:   31:TEST(Polygon, Init) { // If passed, then closed polyline and polyline are passed too.
        1:   32:    Point a(0, 0);
        1:   33:    Point b(1, 0);
        1:   34:    Point c(1, 0);
        1:   35:    Point d(0, -1);
        -:   36:
        2:   37:    std::vector<Point> array = {a, b, c};
       2*:   38:    EXPECT_ANY_THROW(Polygon e(array)); // 2 same points
        1:   39:    array[2].setX(2);
       2*:   40:    EXPECT_ANY_THROW(Polygon e(array)); // points at one line
        -:   41:
        1:   42:    array[0].setXY(0, 0);
        1:   43:    array[1].setXY(1, 0);
        1:   44:    array[2].setXY(2, 2);
        1:   45:    array.push_back(d);
       2*:   46:    EXPECT_ANY_THROW(Polygon e(array)); // not convex
        1:   47:}
------------------
_ZN17Polygon_Init_TestC2Ev:
function _ZN17Polygon_Init_TestC2Ev called 1 returned 100% blocks executed 100%
        1:   31:TEST(Polygon, Init) { // If passed, then closed polyline and polyline are passed too.
        1:   31-block  0
call    0 returned 1
------------------
_ZN17Polygon_Init_TestD0Ev:
function _ZN17Polygon_Init_TestD0Ev called 1 returned 100% blocks executed 100%
        1:   31:TEST(Polygon, Init) { // If passed, then closed polyline and polyline are passed too.
        1:   31-block  0
call    0 returned 1
call    1 returned 1
------------------
_ZN17Polygon_Init_TestD2Ev:
function _ZN17Polygon_Init_TestD2Ev called 1 returned 100% blocks executed 100%
        1:   31:TEST(Polygon, Init) { // If passed, then closed polyline and polyline are passed too.
        1:   31-block  0
call    0 returned 1
------------------
_ZN17Polygon_Init_Test8TestBodyEv:
function _ZN17Polygon_Init_Test8TestBodyEv called 1 returned 100% blocks executed 50%
        1:   31:TEST(Polygon, Init) { // If passed, then closed polyline and polyline are passed too.
        1:   32:    Point a(0, 0);
        1:   32-block  0
call    0 returned 1
        1:   33:    Point b(1, 0);
call    0 returned 1
        1:   34:    Point c(1, 0);
call    0 returned 1
        1:   35:    Point d(0, -1);
call    0 returned 1
        -:   36:
        2:   37:    std::vector<Point> array = {a, b, c};
call    0 returned 1
call    1 returned 1
call    2 returned 1
call    3 returned 1
call    4 returned 1
branch  5 taken 1 (fallthrough)
branch  6 taken 0 (throw)
        1:   37-block  0
call    7 returned 1
    $$$$$:   37-block  1
    $$$$$:   37-block  2
    $$$$$:   37-block  3
call    8 never executed
       2*:   38:    EXPECT_ANY_THROW(Polygon e(array)); // 2 same points
call    0 returned 1
branch  1 taken 1 (fallthrough)
branch  2 taken 0 (throw)
        1:   38-block  0
branch  3 taken 1 (fallthrough)
branch  4 taken 0
        1:   38-block  1
call    5 returned 1
branch  6 taken 1 (fallthrough)
branch  7 taken 0 (throw)
        1:   38-block  2
branch  8 taken 1 (fallthrough)
branch  9 taken 0
        1:   38-block  3
call   10 returned 1
branch 11 taken 0 (fallthrough)
branch 12 taken 1 (throw)
    %%%%%:   38-block  4
call   13 never executed
        1:   38-block  5
branch 14 taken 0 (fallthrough)
branch 15 taken 1
    %%%%%:   38-block  6
    %%%%%:   38-block  7
call   16 never executed
branch 17 never executed
branch 18 never executed
    %%%%%:   38-block  8
call   19 never executed
branch 20 never executed
branch 21 never executed
    %%%%%:   38-block  9
call   22 never executed
branch 23 never executed
branch 24 never executed
    %%%%%:   38-block 10
call   25 never executed
call   26 never executed
        1:   38-block 11
call   27 returned 1
call   28 returned 1
branch 29 taken 1 (fallthrough)
branch 30 taken 0 (throw)
    $$$$$:   38-block 12
call   31 never executed
    $$$$$:   38-block 13
    $$$$$:   38-block 14
call   32 never executed
    $$$$$:   38-block 15
        1:   39:    array[2].setX(2);
        1:   39-block  0
call    0 returned 1
call    1 returned 1
       2*:   40:    EXPECT_ANY_THROW(Polygon e(array)); // points at one line
call    0 returned 1
branch  1 taken 1 (fallthrough)
branch  2 taken 0 (throw)
        1:   40-block  0
branch  3 taken 1 (fallthrough)
branch  4 taken 0
        1:   40-block  1
call    5 returned 1
branch  6 taken 1 (fallthrough)
branch  7 taken 0 (throw)
        1:   40-block  2
branch  8 taken 1 (fallthrough)
branch  9 taken 0
        1:   40-block  3
call   10 returned 1
branch 11 taken 0 (fallthrough)
branch 12 taken 1 (throw)
    %%%%%:   40-block  4
call   13 never executed
        1:   40-block  5
branch 14 taken 0 (fallthrough)
branch 15 taken 1
    %%%%%:   40-block  6
    %%%%%:   40-block  7
call   16 never executed
branch 17 never executed
branch 18 never executed
    %%%%%:   40-block  8
call   19 never executed
branch 20 never executed
branch 21 never executed
    %%%%%:   40-block  9
call   22 never executed
branch 23 never executed
branch 24 never executed
    %%%%%:   40-block 10
call   25 never executed
call   26 never executed
        1:   40-block 11
call   27 returned 1
call   28 returned 1
branch 29 taken 1 (fallthrough)
branch 30 taken 0 (throw)
    $$$$$:   40-block 12
call   31 never executed
    $$$$$:   40-block 13
    $$$$$:   40-block 14
call   32 never executed
    $$$$$:   40-block 15
        -:   41:
        1:   42:    array[0].setXY(0, 0);
        1:   42-block  0
call    0 returned 1
call    1 returned 1
        1:   43:    array[1].setXY(1, 0);
call    0 returned 1
call    1 returned 1
        1:   44:    array[2].setXY(2, 2);
call    0 returned 1
call    1 returned 1
        1:   45:    array.push_back(d);
call    0 returned 1
branch  1 taken 1 (fallthrough)
branch  2 taken 0 (throw)
       2*:   46:    EXPECT_ANY_THROW(Polygon e(array)); // not convex
        1:   46-block  0
call    0 returned 1
branch  1 taken 1 (fallthrough)
branch  2 taken 0 (throw)
        1:   46-block  1
branch  3 taken 1 (fallthrough)
branch  4 taken 0
        1:   46-block  2
call    5 returned 1
branch  6 taken 1 (fallthrough)
branch  7 taken 0 (throw)
        1:   46-block  3
branch  8 taken 1 (fallthrough)
branch  9 taken 0
        1:   46-block  4
call   10 returned 1
branch 11 taken 0 (fallthrough)
branch 12 taken 1 (throw)
    %%%%%:   46-block  5
call   13 never executed
        1:   46-block  6
branch 14 taken 0 (fallthrough)
branch 15 taken 1
    %%%%%:   46-block  7
    %%%%%:   46-block  8
call   16 never executed
branch 17 never executed
branch 18 never executed
    %%%%%:   46-block  9
call   19 never executed
branch 20 never executed
branch 21 never executed
    %%%%%:   46-block 10
call   22 never executed
branch 23 never executed
branch 24 never executed
    %%%%%:   46-block 11
call   25 never executed
call   26 never executed
        1:   46-block 12
call   27 returned 1
call   28 returned 1
branch 29 taken 1 (fallthrough)
branch 30 taken 0 (throw)
    $$$$$:   46-block 13
call   31 never executed
    $$$$$:   46-block 14
    $$$$$:   46-block 15
call   32 never executed
    $$$$$:   46-block 16
        1:   47:}
------------------
        -:   48:
        4:   49:TEST(Polygon, SetAndPush) {
        1:   50:    Point a(0, 0);
        1:   51:    Point b(1, 0);
        1:   52:    Point c(1, 1);
        1:   53:    Point d(0, 1);
        1:   54:    Point f(1, -1);
        -:   55:
        2:   56:    std::vector<Point> array = {a, b, c};
        2:   57:    Polygon e(array);
       1*:   58:    EXPECT_NO_THROW(e.push_point(d));
       2*:   59:    EXPECT_ANY_THROW(e.push_point(f)); // Intersects itself
       2*:   60:    EXPECT_ANY_THROW(e.change_point(a, 1, 0)); // Point already exists
       2*:   61:    EXPECT_ANY_THROW(e.change_point(f, 100, 100)); // Point not found
       2*:   62:    EXPECT_ANY_THROW(e.change_point(a, 100, -100)); // intersects itself
       1*:   63:    EXPECT_NO_THROW(e.change_point(a, -1, 0));
        1:   64:}
------------------
_ZN23Polygon_SetAndPush_TestC2Ev:
function _ZN23Polygon_SetAndPush_TestC2Ev called 1 returned 100% blocks executed 100%
        1:   49:TEST(Polygon, SetAndPush) {
        1:   49-block  0
call    0 returned 1
------------------
_ZN23Polygon_SetAndPush_TestD0Ev:
function _ZN23Polygon_SetAndPush_TestD0Ev called 1 returned 100% blocks executed 100%
        1:   49:TEST(Polygon, SetAndPush) {
        1:   49-block  0
call    0 returned 1
call    1 returned 1
------------------
_ZN23Polygon_SetAndPush_TestD2Ev:
function _ZN23Polygon_SetAndPush_TestD2Ev called 1 returned 100% blocks executed 100%
        1:   49:TEST(Polygon, SetAndPush) {
        1:   49-block  0
call    0 returned 1
------------------
_ZN23Polygon_SetAndPush_Test8TestBodyEv:
function _ZN23Polygon_SetAndPush_Test8TestBodyEv called 1 returned 100% blocks executed 31%
        1:   49:TEST(Polygon, SetAndPush) {
        1:   50:    Point a(0, 0);
        1:   50-block  0
call    0 returned 1
        1:   51:    Point b(1, 0);
call    0 returned 1
        1:   52:    Point c(1, 1);
call    0 returned 1
        1:   53:    Point d(0, 1);
call    0 returned 1
        1:   54:    Point f(1, -1);
call    0 returned 1
        -:   55:
        2:   56:    std::vector<Point> array = {a, b, c};
call    0 returned 1
call    1 returned 1
call    2 returned 1
call    3 returned 1
call    4 returned 1
branch  5 taken 1 (fallthrough)
branch  6 taken 0 (throw)
call    7 returned 1
    $$$$$:   56-block  0
    $$$$$:   56-block  1
    $$$$$:   56-block  2
call    8 never executed
        2:   57:    Polygon e(array);
call    0 returned 1
branch  1 taken 1 (fallthrough)
branch  2 taken 0 (throw)
call    3 returned 1
    $$$$$:   57-block  0
call    4 never executed
       1*:   58:    EXPECT_NO_THROW(e.push_point(d));
        1:   58-block  0
call    0 returned 1
call    1 returned 1
branch  2 taken 1 (fallthrough)
branch  3 taken 0
        1:   58-block  1
call    4 returned 1
branch  5 taken 1 (fallthrough)
branch  6 taken 0 (throw)
        1:   58-block  2
branch  7 taken 1 (fallthrough)
branch  8 taken 0
        1:   58-block  3
call    9 returned 1
branch 10 taken 1 (fallthrough)
branch 11 taken 0 (throw)
    %%%%%:   58-block  4
call   12 never executed
branch 13 never executed
branch 14 never executed
    %%%%%:   58-block  5
call   15 never executed
branch 16 never executed
branch 17 never executed
    %%%%%:   58-block  6
call   18 never executed
call   19 never executed
branch 20 never executed
branch 21 never executed
    %%%%%:   58-block  7
call   22 never executed
branch 23 never executed
branch 24 never executed
    %%%%%:   58-block  8
call   25 never executed
call   26 never executed
call   27 never executed
        1:   58-block  9
call   28 returned 1
    $$$$$:   58-block 10
call   29 never executed
call   30 never executed
branch 31 never executed
branch 32 never executed
    $$$$$:   58-block 11
call   33 never executed
branch 34 never executed
branch 35 never executed
    $$$$$:   58-block 12
call   36 never executed
branch 37 never executed
branch 38 never executed
    $$$$$:   58-block 13
call   39 never executed
call   40 never executed
branch 41 never executed
branch 42 never executed
    $$$$$:   58-block 14
call   43 never executed
call   44 never executed
branch 45 never executed
branch 46 never executed
    $$$$$:   58-block 15
call   47 never executed
branch 48 never executed
branch 49 never executed
    $$$$$:   58-block 16
call   50 never executed
    $$$$$:   58-block 17
call   51 never executed
call   52 never executed
branch 53 never executed
branch 54 never executed
    $$$$$:   58-block 18
call   55 never executed
branch 56 never executed
branch 57 never executed
    $$$$$:   58-block 19
call   58 never executed
    $$$$$:   58-block 20
    $$$$$:   58-block 21
call   59 never executed
    $$$$$:   58-block 22
call   60 never executed
    $$$$$:   58-block 23
call   61 never executed
    $$$$$:   58-block 24
    $$$$$:   58-block 25
call   62 never executed
    $$$$$:   58-block 26
    $$$$$:   58-block 27
call   63 never executed
    $$$$$:   58-block 28
    $$$$$:   58-block 29
call   64 never executed
       2*:   59:    EXPECT_ANY_THROW(e.push_point(f)); // Intersects itself
call    0 returned 1
branch  1 taken 1 (fallthrough)
branch  2 taken 0 (throw)
        1:   59-block  0
branch  3 taken 1 (fallthrough)
branch  4 taken 0
        1:   59-block  1
call    5 returned 1
branch  6 taken 1 (fallthrough)
branch  7 taken 0 (throw)
        1:   59-block  2
branch  8 taken 1 (fallthrough)
branch  9 taken 0
        1:   59-block  3
call   10 returned 1
branch 11 taken 0 (fallthrough)
branch 12 taken 1 (throw)
        1:   59-block  4
branch 13 taken 0 (fallthrough)
branch 14 taken 1
    %%%%%:   59-block  5
    %%%%%:   59-block  6
call   15 never executed
branch 16 never executed
branch 17 never executed
    %%%%%:   59-block  7
call   18 never executed
branch 19 never executed
branch 20 never executed
    %%%%%:   59-block  8
call   21 never executed
branch 22 never executed
branch 23 never executed
    %%%%%:   59-block  9
call   24 never executed
call   25 never executed
        1:   59-block 10
call   26 returned 1
call   27 returned 1
branch 28 taken 1 (fallthrough)
branch 29 taken 0 (throw)
    $$$$$:   59-block 11
call   30 never executed
    $$$$$:   59-block 12
    $$$$$:   59-block 13
call   31 never executed
    $$$$$:   59-block 14
       2*:   60:    EXPECT_ANY_THROW(e.change_point(a, 1, 0)); // Point already exists
        1:   60-block  0
call    0 returned 1
branch  1 taken 1 (fallthrough)
branch  2 taken 0 (throw)
        1:   60-block  1
branch  3 taken 1 (fallthrough)
branch  4 taken 0
        1:   60-block  2
call    5 returned 1
branch  6 taken 1 (fallthrough)
branch  7 taken 0 (throw)
        1:   60-block  3
branch  8 taken 1 (fallthrough)
branch  9 taken 0
        1:   60-block  4
call   10 returned 1
branch 11 taken 0 (fallthrough)
branch 12 taken 1 (throw)
        1:   60-block  5
branch 13 taken 0 (fallthrough)
branch 14 taken 1
    %%%%%:   60-block  6
    %%%%%:   60-block  7
call   15 never executed
branch 16 never executed
branch 17 never executed
    %%%%%:   60-block  8
call   18 never executed
branch 19 never executed
branch 20 never executed
    %%%%%:   60-block  9
call   21 never executed
branch 22 never executed
branch 23 never executed
    %%%%%:   60-block 10
call   24 never executed
call   25 never executed
        1:   60-block 11
call   26 returned 1
call   27 returned 1
branch 28 taken 1 (fallthrough)
branch 29 taken 0 (throw)
    $$$$$:   60-block 12
call   30 never executed
    $$$$$:   60-block 13
    $$$$$:   60-block 14
call   31 never executed
    $$$$$:   60-block 15
       2*:   61:    EXPECT_ANY_THROW(e.change_point(f, 100, 100)); // Point not found
        1:   61-block  0
call    0 returned 1
branch  1 taken 1 (fallthrough)
branch  2 taken 0 (throw)
        1:   61-block  1
branch  3 taken 1 (fallthrough)
branch  4 taken 0
        1:   61-block  2
call    5 returned 1
branch  6 taken 1 (fallthrough)
branch  7 taken 0 (throw)
        1:   61-block  3
branch  8 taken 1 (fallthrough)
branch  9 taken 0
        1:   61-block  4
call   10 returned 1
branch 11 taken 0 (fallthrough)
branch 12 taken 1 (throw)
        1:   61-block  5
branch 13 taken 0 (fallthrough)
branch 14 taken 1
    %%%%%:   61-block  6
    %%%%%:   61-block  7
call   15 never executed
branch 16 never executed
branch 17 never executed
    %%%%%:   61-block  8
call   18 never executed
branch 19 never executed
branch 20 never executed
    %%%%%:   61-block  9
call   21 never executed
branch 22 never executed
branch 23 never executed
    %%%%%:   61-block 10
call   24 never executed
call   25 never executed
        1:   61-block 11
call   26 returned 1
call   27 returned 1
branch 28 taken 1 (fallthrough)
branch 29 taken 0 (throw)
    $$$$$:   61-block 12
call   30 never executed
    $$$$$:   61-block 13
    $$$$$:   61-block 14
call   31 never executed
    $$$$$:   61-block 15
       2*:   62:    EXPECT_ANY_THROW(e.change_point(a, 100, -100)); // intersects itself
        1:   62-block  0
call    0 returned 1
branch  1 taken 1 (fallthrough)
branch  2 taken 0 (throw)
        1:   62-block  1
branch  3 taken 1 (fallthrough)
branch  4 taken 0
        1:   62-block  2
call    5 returned 1
branch  6 taken 1 (fallthrough)
branch  7 taken 0 (throw)
        1:   62-block  3
branch  8 taken 1 (fallthrough)
branch  9 taken 0
        1:   62-block  4
call   10 returned 1
branch 11 taken 0 (fallthrough)
branch 12 taken 1 (throw)
        1:   62-block  5
branch 13 taken 0 (fallthrough)
branch 14 taken 1
    %%%%%:   62-block  6
    %%%%%:   62-block  7
call   15 never executed
branch 16 never executed
branch 17 never executed
    %%%%%:   62-block  8
call   18 never executed
branch 19 never executed
branch 20 never executed
    %%%%%:   62-block  9
call   21 never executed
branch 22 never executed
branch 23 never executed
    %%%%%:   62-block 10
call   24 never executed
call   25 never executed
        1:   62-block 11
call   26 returned 1
call   27 returned 1
branch 28 taken 1 (fallthrough)
branch 29 taken 0 (throw)
    $$$$$:   62-block 12
call   30 never executed
    $$$$$:   62-block 13
    $$$$$:   62-block 14
call   31 never executed
    $$$$$:   62-block 15
       1*:   63:    EXPECT_NO_THROW(e.change_point(a, -1, 0));
        1:   63-block  0
call    0 returned 1
call    1 returned 1
branch  2 taken 1 (fallthrough)
branch  3 taken 0
        1:   63-block  1
call    4 returned 1
branch  5 taken 1 (fallthrough)
branch  6 taken 0 (throw)
        1:   63-block  2
branch  7 taken 1 (fallthrough)
branch  8 taken 0
        1:   63-block  3
call    9 returned 1
branch 10 taken 1 (fallthrough)
branch 11 taken 0 (throw)
    %%%%%:   63-block  4
call   12 never executed
branch 13 never executed
branch 14 never executed
    %%%%%:   63-block  5
call   15 never executed
branch 16 never executed
branch 17 never executed
    %%%%%:   63-block  6
call   18 never executed
call   19 never executed
branch 20 never executed
branch 21 never executed
    %%%%%:   63-block  7
call   22 never executed
branch 23 never executed
branch 24 never executed
    %%%%%:   63-block  8
call   25 never executed
call   26 never executed
call   27 never executed
        1:   63-block  9
call   28 returned 1
    $$$$$:   63-block 10
call   29 never executed
call   30 never executed
branch 31 never executed
branch 32 never executed
    $$$$$:   63-block 11
call   33 never executed
branch 34 never executed
branch 35 never executed
    $$$$$:   63-block 12
call   36 never executed
branch 37 never executed
branch 38 never executed
    $$$$$:   63-block 13
call   39 never executed
call   40 never executed
branch 41 never executed
branch 42 never executed
    $$$$$:   63-block 14
call   43 never executed
call   44 never executed
branch 45 never executed
branch 46 never executed
    $$$$$:   63-block 15
call   47 never executed
branch 48 never executed
branch 49 never executed
    $$$$$:   63-block 16
call   50 never executed
    $$$$$:   63-block 17
call   51 never executed
call   52 never executed
branch 53 never executed
branch 54 never executed
    $$$$$:   63-block 18
call   55 never executed
branch 56 never executed
branch 57 never executed
    $$$$$:   63-block 19
call   58 never executed
    $$$$$:   63-block 20
    $$$$$:   63-block 21
call   59 never executed
    $$$$$:   63-block 22
call   60 never executed
    $$$$$:   63-block 23
call   61 never executed
    $$$$$:   63-block 24
    $$$$$:   63-block 25
call   62 never executed
    $$$$$:   63-block 26
    $$$$$:   63-block 27
call   63 never executed
    $$$$$:   63-block 28
    $$$$$:   63-block 29
call   64 never executed
        1:   64:}
------------------
        -:   65:
        4:   66:TEST(Polygon, SquareAndPerimeter) {
        1:   67:    Point a(0, 0);
        1:   68:    Point b(1, 0);
        1:   69:    Point c(1.1, -1);
        -:   70:
        2:   71:    std::vector<Point> array = {a, b, c};
        2:   72:    Polygon d(array);
        -:   73:
       1*:   74:    EXPECT_EQ(d.get_square(), 0.5);
        -:   75:
        1:   76:    d.change_point(c, 123, 456);
        1:   77:    c.setX(123);
        1:   78:    c.setY(456);
        -:   79:
       1*:   80:    EXPECT_EQ(d.get_square(), 228);
        1:   81:}
------------------
_ZN31Polygon_SquareAndPerimeter_TestC2Ev:
function _ZN31Polygon_SquareAndPerimeter_TestC2Ev called 1 returned 100% blocks executed 100%
        1:   66:TEST(Polygon, SquareAndPerimeter) {
        1:   66-block  0
call    0 returned 1
------------------
_ZN31Polygon_SquareAndPerimeter_TestD0Ev:
function _ZN31Polygon_SquareAndPerimeter_TestD0Ev called 1 returned 100% blocks executed 100%
        1:   66:TEST(Polygon, SquareAndPerimeter) {
        1:   66-block  0
call    0 returned 1
call    1 returned 1
------------------
_ZN31Polygon_SquareAndPerimeter_TestD2Ev:
function _ZN31Polygon_SquareAndPerimeter_TestD2Ev called 1 returned 100% blocks executed 100%
        1:   66:TEST(Polygon, SquareAndPerimeter) {
        1:   66-block  0
call    0 returned 1
------------------
_ZN31Polygon_SquareAndPerimeter_Test8TestBodyEv:
function _ZN31Polygon_SquareAndPerimeter_Test8TestBodyEv called 1 returned 100% blocks executed 36%
        1:   66:TEST(Polygon, SquareAndPerimeter) {
        1:   67:    Point a(0, 0);
        1:   67-block  0
call    0 returned 1
        1:   68:    Point b(1, 0);
call    0 returned 1
        1:   69:    Point c(1.1, -1);
call    0 returned 1
        -:   70:
        2:   71:    std::vector<Point> array = {a, b, c};
call    0 returned 1
call    1 returned 1
call    2 returned 1
call    3 returned 1
call    4 returned 1
branch  5 taken 1 (fallthrough)
branch  6 taken 0 (throw)
call    7 returned 1
    $$$$$:   71-block  0
    $$$$$:   71-block  1
    $$$$$:   71-block  2
call    8 never executed
        2:   72:    Polygon d(array);
call    0 returned 1
branch  1 taken 1 (fallthrough)
branch  2 taken 0 (throw)
call    3 returned 1
    $$$$$:   72-block  0
call    4 never executed
        -:   73:
       1*:   74:    EXPECT_EQ(d.get_square(), 0.5);
        1:   74-block  0
call    0 returned 1
call    1 returned 1
branch  2 taken 1 (fallthrough)
branch  3 taken 0 (throw)
        1:   74-block  1
call    4 returned 1
branch  5 taken 0 (fallthrough)
branch  6 taken 1
    %%%%%:   74-block  2
call    7 never executed
branch  8 never executed
branch  9 never executed
    %%%%%:   74-block  3
call   10 never executed
call   11 never executed
branch 12 never executed
branch 13 never executed
    %%%%%:   74-block  4
call   14 never executed
branch 15 never executed
branch 16 never executed
    %%%%%:   74-block  5
call   17 never executed
call   18 never executed
        1:   74-block  6
call   19 returned 1
    $$$$$:   74-block  7
    $$$$$:   74-block  8
    $$$$$:   74-block  9
call   20 never executed
    $$$$$:   74-block 10
    $$$$$:   74-block 11
call   21 never executed
    $$$$$:   74-block 12
    $$$$$:   74-block 13
call   22 never executed
        -:   75:
        1:   76:    d.change_point(c, 123, 456);
call    0 returned 1
branch  1 taken 1 (fallthrough)
branch  2 taken 0 (throw)
        1:   77:    c.setX(123);
        1:   77-block  0
call    0 returned 1
        1:   78:    c.setY(456);
call    0 returned 1
        -:   79:
       1*:   80:    EXPECT_EQ(d.get_square(), 228);
call    0 returned 1
call    1 returned 1
branch  2 taken 1 (fallthrough)
branch  3 taken 0 (throw)
        1:   80-block  0
call    4 returned 1
branch  5 taken 0 (fallthrough)
branch  6 taken 1
    %%%%%:   80-block  1
call    7 never executed
branch  8 never executed
branch  9 never executed
    %%%%%:   80-block  2
call   10 never executed
call   11 never executed
branch 12 never executed
branch 13 never executed
    %%%%%:   80-block  3
call   14 never executed
branch 15 never executed
branch 16 never executed
    %%%%%:   80-block  4
call   17 never executed
call   18 never executed
        1:   80-block  5
call   19 returned 1
    $$$$$:   80-block  6
    $$$$$:   80-block  7
    $$$$$:   80-block  8
call   20 never executed
    $$$$$:   80-block  9
    $$$$$:   80-block 10
call   21 never executed
    $$$$$:   80-block 11
    $$$$$:   80-block 12
call   22 never executed
        1:   81:}
------------------
        -:   82:
        4:   83:TEST(CorrectPolygon, Init) {
        1:   84:    Point a(0, 0);
        1:   85:    Point b(1, 0);
        1:   86:    Point c(1.1, -1);
        -:   87:
        2:   88:    std::vector<Point> array = {a, b, c};
        1:   89:}
------------------
_ZN24CorrectPolygon_Init_TestC2Ev:
function _ZN24CorrectPolygon_Init_TestC2Ev called 1 returned 100% blocks executed 100%
        1:   83:TEST(CorrectPolygon, Init) {
        1:   83-block  0
call    0 returned 1
------------------
_ZN24CorrectPolygon_Init_TestD0Ev:
function _ZN24CorrectPolygon_Init_TestD0Ev called 1 returned 100% blocks executed 100%
        1:   83:TEST(CorrectPolygon, Init) {
        1:   83-block  0
call    0 returned 1
call    1 returned 1
------------------
_ZN24CorrectPolygon_Init_TestD2Ev:
function _ZN24CorrectPolygon_Init_TestD2Ev called 1 returned 100% blocks executed 100%
        1:   83:TEST(CorrectPolygon, Init) {
        1:   83-block  0
call    0 returned 1
------------------
_ZN24CorrectPolygon_Init_Test8TestBodyEv:
function _ZN24CorrectPolygon_Init_Test8TestBodyEv called 1 returned 100% blocks executed 71%
        1:   83:TEST(CorrectPolygon, Init) {
        1:   84:    Point a(0, 0);
        1:   84-block  0
call    0 returned 1
        1:   85:    Point b(1, 0);
call    0 returned 1
        1:   86:    Point c(1.1, -1);
call    0 returned 1
        -:   87:
        2:   88:    std::vector<Point> array = {a, b, c};
call    0 returned 1
call    1 returned 1
call    2 returned 1
call    3 returned 1
call    4 returned 1
branch  5 taken 1 (fallthrough)
branch  6 taken 0 (throw)
call    7 returned 1
    $$$$$:   88-block  0
    $$$$$:   88-block  1
        1:   89:}
------------------
        -:   90:
        4:   91:TEST(Trapezium, InitAndChanging) {
        1:   92:    Point a(0, 0);
        1:   93:    Point b(1, 0);
        1:   94:    Point c(1, 2);
        1:   95:    Point d(0, -1);
        1:   96:    Point e(-1, 0);
        -:   97:
        2:   98:    std::vector<Point> array = {a, b, c};
       2*:   99:    EXPECT_ANY_THROW(Trapezium f(array)); // Too few points
        1:  100:    array.push_back(d);
        1:  101:    array.push_back(e);
       2*:  102:    EXPECT_ANY_THROW(Trapezium f(array)); // Too many points
        1:  103:    array.erase(array.end());
       2*:  104:    EXPECT_ANY_THROW(Trapezium f(array)); // Intersects itself, not a trapezium
        1:  105:    array[3].setXY(-2, 1);
       2*:  106:    EXPECT_ANY_THROW(Trapezium f(array)); // Not a trapezium
        1:  107:    array[2].setXY(1, 1);
       2*:  108:    EXPECT_NO_THROW(Trapezium f(array));
        2:  109:    Trapezium f(array);
       2*:  110:    EXPECT_ANY_THROW(f.change_point(array[2], 1, 2)); // Not a trapezium
       2*:  111:    EXPECT_ANY_THROW(f.change_point(array[2], 0, 0)); // Already exists
        1:  112:}
------------------
_ZN30Trapezium_InitAndChanging_TestC2Ev:
function _ZN30Trapezium_InitAndChanging_TestC2Ev called 1 returned 100% blocks executed 100%
        1:   91:TEST(Trapezium, InitAndChanging) {
        1:   91-block  0
call    0 returned 1
------------------
_ZN30Trapezium_InitAndChanging_TestD0Ev:
function _ZN30Trapezium_InitAndChanging_TestD0Ev called 1 returned 100% blocks executed 100%
        1:   91:TEST(Trapezium, InitAndChanging) {
        1:   91-block  0
call    0 returned 1
call    1 returned 1
------------------
_ZN30Trapezium_InitAndChanging_TestD2Ev:
function _ZN30Trapezium_InitAndChanging_TestD2Ev called 1 returned 100% blocks executed 100%
        1:   91:TEST(Trapezium, InitAndChanging) {
        1:   91-block  0
call    0 returned 1
------------------
_ZN30Trapezium_InitAndChanging_Test8TestBodyEv:
function _ZN30Trapezium_InitAndChanging_Test8TestBodyEv called 1 returned 100% blocks executed 40%
        1:   91:TEST(Trapezium, InitAndChanging) {
        1:   92:    Point a(0, 0);
        1:   92-block  0
call    0 returned 1
        1:   93:    Point b(1, 0);
call    0 returned 1
        1:   94:    Point c(1, 2);
call    0 returned 1
        1:   95:    Point d(0, -1);
call    0 returned 1
        1:   96:    Point e(-1, 0);
call    0 returned 1
        -:   97:
        2:   98:    std::vector<Point> array = {a, b, c};
call    0 returned 1
call    1 returned 1
call    2 returned 1
call    3 returned 1
call    4 returned 1
branch  5 taken 1 (fallthrough)
branch  6 taken 0 (throw)
call    7 returned 1
    $$$$$:   98-block  0
    $$$$$:   98-block  1
    $$$$$:   98-block  2
call    8 never executed
       2*:   99:    EXPECT_ANY_THROW(Trapezium f(array)); // Too few points
call    0 returned 1
branch  1 taken 1 (fallthrough)
branch  2 taken 0 (throw)
        1:   99-block  0
branch  3 taken 1 (fallthrough)
branch  4 taken 0
        1:   99-block  1
call    5 returned 1
branch  6 taken 1 (fallthrough)
branch  7 taken 0 (throw)
        1:   99-block  2
branch  8 taken 1 (fallthrough)
branch  9 taken 0
        1:   99-block  3
call   10 returned 1
branch 11 taken 0 (fallthrough)
branch 12 taken 1 (throw)
    %%%%%:   99-block  4
call   13 never executed
        1:   99-block  5
branch 14 taken 0 (fallthrough)
branch 15 taken 1
    %%%%%:   99-block  6
    %%%%%:   99-block  7
call   16 never executed
branch 17 never executed
branch 18 never executed
    %%%%%:   99-block  8
call   19 never executed
branch 20 never executed
branch 21 never executed
    %%%%%:   99-block  9
call   22 never executed
branch 23 never executed
branch 24 never executed
    %%%%%:   99-block 10
call   25 never executed
call   26 never executed
        1:   99-block 11
call   27 returned 1
call   28 returned 1
branch 29 taken 1 (fallthrough)
branch 30 taken 0 (throw)
    $$$$$:   99-block 12
call   31 never executed
    $$$$$:   99-block 13
    $$$$$:   99-block 14
call   32 never executed
    $$$$$:   99-block 15
        1:  100:    array.push_back(d);
        1:  100-block  0
call    0 returned 1
branch  1 taken 1 (fallthrough)
branch  2 taken 0 (throw)
        1:  101:    array.push_back(e);
        1:  101-block  0
call    0 returned 1
branch  1 taken 1 (fallthrough)
branch  2 taken 0 (throw)
       2*:  102:    EXPECT_ANY_THROW(Trapezium f(array)); // Too many points
        1:  102-block  0
call    0 returned 1
branch  1 taken 1 (fallthrough)
branch  2 taken 0 (throw)
        1:  102-block  1
branch  3 taken 1 (fallthrough)
branch  4 taken 0
        1:  102-block  2
call    5 returned 1
branch  6 taken 1 (fallthrough)
branch  7 taken 0 (throw)
        1:  102-block  3
branch  8 taken 1 (fallthrough)
branch  9 taken 0
        1:  102-block  4
call   10 returned 1
branch 11 taken 0 (fallthrough)
branch 12 taken 1 (throw)
    %%%%%:  102-block  5
call   13 never executed
        1:  102-block  6
branch 14 taken 0 (fallthrough)
branch 15 taken 1
    %%%%%:  102-block  7
    %%%%%:  102-block  8
call   16 never executed
branch 17 never executed
branch 18 never executed
    %%%%%:  102-block  9
call   19 never executed
branch 20 never executed
branch 21 never executed
    %%%%%:  102-block 10
call   22 never executed
branch 23 never executed
branch 24 never executed
    %%%%%:  102-block 11
call   25 never executed
call   26 never executed
        1:  102-block 12
call   27 returned 1
call   28 returned 1
branch 29 taken 1 (fallthrough)
branch 30 taken 0 (throw)
    $$$$$:  102-block 13
call   31 never executed
    $$$$$:  102-block 14
    $$$$$:  102-block 15
call   32 never executed
    $$$$$:  102-block 16
        1:  103:    array.erase(array.end());
        1:  103-block  0
call    0 returned 1
call    1 returned 1
call    2 returned 1
branch  3 taken 1 (fallthrough)
branch  4 taken 0 (throw)
    $$$$$:  103-block  1
    $$$$$:  103-block  2
       2*:  104:    EXPECT_ANY_THROW(Trapezium f(array)); // Intersects itself, not a trapezium
        1:  104-block  0
call    0 returned 1
branch  1 taken 1 (fallthrough)
branch  2 taken 0 (throw)
        1:  104-block  1
branch  3 taken 1 (fallthrough)
branch  4 taken 0
        1:  104-block  2
call    5 returned 1
branch  6 taken 1 (fallthrough)
branch  7 taken 0 (throw)
        1:  104-block  3
branch  8 taken 1 (fallthrough)
branch  9 taken 0
        1:  104-block  4
call   10 returned 1
branch 11 taken 0 (fallthrough)
branch 12 taken 1 (throw)
    %%%%%:  104-block  5
call   13 never executed
        1:  104-block  6
branch 14 taken 0 (fallthrough)
branch 15 taken 1
    %%%%%:  104-block  7
    %%%%%:  104-block  8
call   16 never executed
branch 17 never executed
branch 18 never executed
    %%%%%:  104-block  9
call   19 never executed
branch 20 never executed
branch 21 never executed
    %%%%%:  104-block 10
call   22 never executed
branch 23 never executed
branch 24 never executed
    %%%%%:  104-block 11
call   25 never executed
call   26 never executed
        1:  104-block 12
call   27 returned 1
call   28 returned 1
branch 29 taken 1 (fallthrough)
branch 30 taken 0 (throw)
    $$$$$:  104-block 13
call   31 never executed
    $$$$$:  104-block 14
    $$$$$:  104-block 15
call   32 never executed
    $$$$$:  104-block 16
        1:  105:    array[3].setXY(-2, 1);
        1:  105-block  0
call    0 returned 1
call    1 returned 1
       2*:  106:    EXPECT_ANY_THROW(Trapezium f(array)); // Not a trapezium
call    0 returned 1
branch  1 taken 1 (fallthrough)
branch  2 taken 0 (throw)
        1:  106-block  0
branch  3 taken 1 (fallthrough)
branch  4 taken 0
        1:  106-block  1
call    5 returned 1
branch  6 taken 1 (fallthrough)
branch  7 taken 0 (throw)
        1:  106-block  2
branch  8 taken 1 (fallthrough)
branch  9 taken 0
        1:  106-block  3
call   10 returned 1
branch 11 taken 0 (fallthrough)
branch 12 taken 1 (throw)
    %%%%%:  106-block  4
call   13 never executed
        1:  106-block  5
branch 14 taken 0 (fallthrough)
branch 15 taken 1
    %%%%%:  106-block  6
    %%%%%:  106-block  7
call   16 never executed
branch 17 never executed
branch 18 never executed
    %%%%%:  106-block  8
call   19 never executed
branch 20 never executed
branch 21 never executed
    %%%%%:  106-block  9
call   22 never executed
branch 23 never executed
branch 24 never executed
    %%%%%:  106-block 10
call   25 never executed
call   26 never executed
        1:  106-block 11
call   27 returned 1
call   28 returned 1
branch 29 taken 1 (fallthrough)
branch 30 taken 0 (throw)
    $$$$$:  106-block 12
call   31 never executed
    $$$$$:  106-block 13
    $$$$$:  106-block 14
call   32 never executed
    $$$$$:  106-block 15
        1:  107:    array[2].setXY(1, 1);
        1:  107-block  0
call    0 returned 1
call    1 returned 1
       2*:  108:    EXPECT_NO_THROW(Trapezium f(array));
call    0 returned 1
call    1 returned 1
branch  2 taken 1 (fallthrough)
branch  3 taken 0
        1:  108-block  0
call    4 returned 1
branch  5 taken 1 (fallthrough)
branch  6 taken 0 (throw)
        1:  108-block  1
branch  7 taken 1 (fallthrough)
branch  8 taken 0
        1:  108-block  2
call    9 returned 1
branch 10 taken 1 (fallthrough)
branch 11 taken 0 (throw)
        1:  108-block  3
call   12 returned 1
    %%%%%:  108-block  4
call   13 never executed
branch 14 never executed
branch 15 never executed
    %%%%%:  108-block  5
call   16 never executed
branch 17 never executed
branch 18 never executed
    %%%%%:  108-block  6
call   19 never executed
call   20 never executed
branch 21 never executed
branch 22 never executed
    %%%%%:  108-block  7
call   23 never executed
branch 24 never executed
branch 25 never executed
    %%%%%:  108-block  8
call   26 never executed
call   27 never executed
call   28 never executed
        1:  108-block  9
call   29 returned 1
    $$$$$:  108-block 10
call   30 never executed
call   31 never executed
branch 32 never executed
branch 33 never executed
    $$$$$:  108-block 11
call   34 never executed
branch 35 never executed
branch 36 never executed
    $$$$$:  108-block 12
call   37 never executed
branch 38 never executed
branch 39 never executed
    $$$$$:  108-block 13
call   40 never executed
call   41 never executed
branch 42 never executed
branch 43 never executed
    $$$$$:  108-block 14
call   44 never executed
call   45 never executed
branch 46 never executed
branch 47 never executed
    $$$$$:  108-block 15
call   48 never executed
branch 49 never executed
branch 50 never executed
    $$$$$:  108-block 16
call   51 never executed
    $$$$$:  108-block 17
call   52 never executed
call   53 never executed
branch 54 never executed
branch 55 never executed
    $$$$$:  108-block 18
call   56 never executed
branch 57 never executed
branch 58 never executed
    $$$$$:  108-block 19
call   59 never executed
    $$$$$:  108-block 20
    $$$$$:  108-block 21
call   60 never executed
    $$$$$:  108-block 22
call   61 never executed
    $$$$$:  108-block 23
call   62 never executed
    $$$$$:  108-block 24
    $$$$$:  108-block 25
call   63 never executed
    $$$$$:  108-block 26
    $$$$$:  108-block 27
call   64 never executed
    $$$$$:  108-block 28
    $$$$$:  108-block 29
call   65 never executed
        2:  109:    Trapezium f(array);
call    0 returned 1
branch  1 taken 1 (fallthrough)
branch  2 taken 0 (throw)
        1:  109-block  0
call    3 returned 1
    $$$$$:  109-block  1
call    4 never executed
       2*:  110:    EXPECT_ANY_THROW(f.change_point(array[2], 1, 2)); // Not a trapezium
        1:  110-block  0
call    0 returned 1
branch  1 taken 1 (fallthrough)
branch  2 taken 0 (throw)
        1:  110-block  1
branch  3 taken 1 (fallthrough)
branch  4 taken 0
        1:  110-block  2
call    5 returned 1
branch  6 taken 1 (fallthrough)
branch  7 taken 0 (throw)
        1:  110-block  3
branch  8 taken 1 (fallthrough)
branch  9 taken 0
        1:  110-block  4
call   10 returned 1
call   11 returned 1
branch 12 taken 0 (fallthrough)
branch 13 taken 1 (throw)
        1:  110-block  5
branch 14 taken 0 (fallthrough)
branch 15 taken 1
    %%%%%:  110-block  6
    %%%%%:  110-block  7
call   16 never executed
branch 17 never executed
branch 18 never executed
    %%%%%:  110-block  8
call   19 never executed
branch 20 never executed
branch 21 never executed
    %%%%%:  110-block  9
call   22 never executed
branch 23 never executed
branch 24 never executed
    %%%%%:  110-block 10
call   25 never executed
call   26 never executed
        1:  110-block 11
call   27 returned 1
call   28 returned 1
branch 29 taken 1 (fallthrough)
branch 30 taken 0 (throw)
    $$$$$:  110-block 12
call   31 never executed
    $$$$$:  110-block 13
    $$$$$:  110-block 14
call   32 never executed
    $$$$$:  110-block 15
       2*:  111:    EXPECT_ANY_THROW(f.change_point(array[2], 0, 0)); // Already exists
        1:  111-block  0
call    0 returned 1
branch  1 taken 1 (fallthrough)
branch  2 taken 0 (throw)
        1:  111-block  1
branch  3 taken 1 (fallthrough)
branch  4 taken 0
        1:  111-block  2
call    5 returned 1
branch  6 taken 1 (fallthrough)
branch  7 taken 0 (throw)
        1:  111-block  3
branch  8 taken 1 (fallthrough)
branch  9 taken 0
        1:  111-block  4
call   10 returned 1
call   11 returned 1
branch 12 taken 0 (fallthrough)
branch 13 taken 1 (throw)
        1:  111-block  5
branch 14 taken 0 (fallthrough)
branch 15 taken 1
    %%%%%:  111-block  6
    %%%%%:  111-block  7
call   16 never executed
branch 17 never executed
branch 18 never executed
    %%%%%:  111-block  8
call   19 never executed
branch 20 never executed
branch 21 never executed
    %%%%%:  111-block  9
call   22 never executed
branch 23 never executed
branch 24 never executed
    %%%%%:  111-block 10
call   25 never executed
call   26 never executed
        1:  111-block 11
call   27 returned 1
call   28 returned 1
branch 29 taken 1 (fallthrough)
branch 30 taken 0 (throw)
    $$$$$:  111-block 12
call   31 never executed
    $$$$$:  111-block 13
    $$$$$:  111-block 14
call   32 never executed
    $$$$$:  111-block 15
        1:  112:}
------------------
        -:  113:
        4:  114:TEST(Triangle, InitAndChanging) {
        1:  115:    Point a(0, 0);
        1:  116:    Point b(1, 0);
        1:  117:    Point c(2, 0);
        1:  118:    Point d(0, -1);
        -:  119:
        2:  120:    std::vector<Point> array = {a, b};
       2*:  121:    EXPECT_ANY_THROW(Triangle f(array)); // Too few points
        1:  122:    array.push_back(c);
        1:  123:    array.push_back(d);
       2*:  124:    EXPECT_ANY_THROW(Triangle f(array)); // Too many points
        1:  125:    array.erase(array.end());
       2*:  126:    EXPECT_ANY_THROW(Triangle f(array)); // Not a triangle
        1:  127:    array[2].setXY(2, 3);
       2*:  128:    EXPECT_NO_THROW(Triangle f(array));
        2:  129:    Triangle f(array);
       2*:  130:    EXPECT_ANY_THROW(f.change_point(array[2], 2, 0)); // Not a triangle
       2*:  131:    EXPECT_ANY_THROW(f.change_point(array[2], 0, 0)); // Already exists
       1*:  132:    EXPECT_NO_THROW(f.change_point(array[2],2, 4));
        1:  133:}
------------------
_ZN29Triangle_InitAndChanging_TestC2Ev:
function _ZN29Triangle_InitAndChanging_TestC2Ev called 1 returned 100% blocks executed 100%
        1:  114:TEST(Triangle, InitAndChanging) {
        1:  114-block  0
call    0 returned 1
------------------
_ZN29Triangle_InitAndChanging_TestD0Ev:
function _ZN29Triangle_InitAndChanging_TestD0Ev called 1 returned 100% blocks executed 100%
        1:  114:TEST(Triangle, InitAndChanging) {
        1:  114-block  0
call    0 returned 1
call    1 returned 1
------------------
_ZN29Triangle_InitAndChanging_TestD2Ev:
function _ZN29Triangle_InitAndChanging_TestD2Ev called 1 returned 100% blocks executed 100%
        1:  114:TEST(Triangle, InitAndChanging) {
        1:  114-block  0
call    0 returned 1
------------------
_ZN29Triangle_InitAndChanging_Test8TestBodyEv:
function _ZN29Triangle_InitAndChanging_Test8TestBodyEv called 1 returned 100% blocks executed 35%
        1:  114:TEST(Triangle, InitAndChanging) {
        1:  115:    Point a(0, 0);
        1:  115-block  0
call    0 returned 1
        1:  116:    Point b(1, 0);
call    0 returned 1
        1:  117:    Point c(2, 0);
call    0 returned 1
        1:  118:    Point d(0, -1);
call    0 returned 1
        -:  119:
        2:  120:    std::vector<Point> array = {a, b};
call    0 returned 1
call    1 returned 1
call    2 returned 1
call    3 returned 1
branch  4 taken 1 (fallthrough)
branch  5 taken 0 (throw)
call    6 returned 1
    $$$$$:  120-block  0
    $$$$$:  120-block  1
    $$$$$:  120-block  2
call    7 never executed
       2*:  121:    EXPECT_ANY_THROW(Triangle f(array)); // Too few points
call    0 returned 1
branch  1 taken 1 (fallthrough)
branch  2 taken 0 (throw)
        1:  121-block  0
branch  3 taken 1 (fallthrough)
branch  4 taken 0
        1:  121-block  1
call    5 returned 1
branch  6 taken 1 (fallthrough)
branch  7 taken 0 (throw)
        1:  121-block  2
branch  8 taken 1 (fallthrough)
branch  9 taken 0
        1:  121-block  3
call   10 returned 1
branch 11 taken 0 (fallthrough)
branch 12 taken 1 (throw)
    %%%%%:  121-block  4
call   13 never executed
        1:  121-block  5
branch 14 taken 0 (fallthrough)
branch 15 taken 1
    %%%%%:  121-block  6
    %%%%%:  121-block  7
call   16 never executed
branch 17 never executed
branch 18 never executed
    %%%%%:  121-block  8
call   19 never executed
branch 20 never executed
branch 21 never executed
    %%%%%:  121-block  9
call   22 never executed
branch 23 never executed
branch 24 never executed
    %%%%%:  121-block 10
call   25 never executed
call   26 never executed
        1:  121-block 11
call   27 returned 1
call   28 returned 1
branch 29 taken 1 (fallthrough)
branch 30 taken 0 (throw)
    $$$$$:  121-block 12
call   31 never executed
    $$$$$:  121-block 13
    $$$$$:  121-block 14
call   32 never executed
    $$$$$:  121-block 15
        1:  122:    array.push_back(c);
        1:  122-block  0
call    0 returned 1
branch  1 taken 1 (fallthrough)
branch  2 taken 0 (throw)
        1:  123:    array.push_back(d);
        1:  123-block  0
call    0 returned 1
branch  1 taken 1 (fallthrough)
branch  2 taken 0 (throw)
       2*:  124:    EXPECT_ANY_THROW(Triangle f(array)); // Too many points
        1:  124-block  0
call    0 returned 1
branch  1 taken 1 (fallthrough)
branch  2 taken 0 (throw)
        1:  124-block  1
branch  3 taken 1 (fallthrough)
branch  4 taken 0
        1:  124-block  2
call    5 returned 1
branch  6 taken 1 (fallthrough)
branch  7 taken 0 (throw)
        1:  124-block  3
branch  8 taken 1 (fallthrough)
branch  9 taken 0
        1:  124-block  4
call   10 returned 1
branch 11 taken 0 (fallthrough)
branch 12 taken 1 (throw)
    %%%%%:  124-block  5
call   13 never executed
        1:  124-block  6
branch 14 taken 0 (fallthrough)
branch 15 taken 1
    %%%%%:  124-block  7
    %%%%%:  124-block  8
call   16 never executed
branch 17 never executed
branch 18 never executed
    %%%%%:  124-block  9
call   19 never executed
branch 20 never executed
branch 21 never executed
    %%%%%:  124-block 10
call   22 never executed
branch 23 never executed
branch 24 never executed
    %%%%%:  124-block 11
call   25 never executed
call   26 never executed
        1:  124-block 12
call   27 returned 1
call   28 returned 1
branch 29 taken 1 (fallthrough)
branch 30 taken 0 (throw)
    $$$$$:  124-block 13
call   31 never executed
    $$$$$:  124-block 14
    $$$$$:  124-block 15
call   32 never executed
    $$$$$:  124-block 16
        1:  125:    array.erase(array.end());
        1:  125-block  0
call    0 returned 1
call    1 returned 1
call    2 returned 1
branch  3 taken 1 (fallthrough)
branch  4 taken 0 (throw)
    $$$$$:  125-block  1
    $$$$$:  125-block  2
       2*:  126:    EXPECT_ANY_THROW(Triangle f(array)); // Not a triangle
        1:  126-block  0
call    0 returned 1
branch  1 taken 1 (fallthrough)
branch  2 taken 0 (throw)
        1:  126-block  1
branch  3 taken 1 (fallthrough)
branch  4 taken 0
        1:  126-block  2
call    5 returned 1
branch  6 taken 1 (fallthrough)
branch  7 taken 0 (throw)
        1:  126-block  3
branch  8 taken 1 (fallthrough)
branch  9 taken 0
        1:  126-block  4
call   10 returned 1
branch 11 taken 0 (fallthrough)
branch 12 taken 1 (throw)
    %%%%%:  126-block  5
call   13 never executed
        1:  126-block  6
branch 14 taken 0 (fallthrough)
branch 15 taken 1
    %%%%%:  126-block  7
    %%%%%:  126-block  8
call   16 never executed
branch 17 never executed
branch 18 never executed
    %%%%%:  126-block  9
call   19 never executed
branch 20 never executed
branch 21 never executed
    %%%%%:  126-block 10
call   22 never executed
branch 23 never executed
branch 24 never executed
    %%%%%:  126-block 11
call   25 never executed
call   26 never executed
        1:  126-block 12
call   27 returned 1
call   28 returned 1
branch 29 taken 1 (fallthrough)
branch 30 taken 0 (throw)
    $$$$$:  126-block 13
call   31 never executed
    $$$$$:  126-block 14
    $$$$$:  126-block 15
call   32 never executed
    $$$$$:  126-block 16
        1:  127:    array[2].setXY(2, 3);
        1:  127-block  0
call    0 returned 1
call    1 returned 1
       2*:  128:    EXPECT_NO_THROW(Triangle f(array));
call    0 returned 1
call    1 returned 1
branch  2 taken 1 (fallthrough)
branch  3 taken 0
        1:  128-block  0
call    4 returned 1
branch  5 taken 1 (fallthrough)
branch  6 taken 0 (throw)
        1:  128-block  1
branch  7 taken 1 (fallthrough)
branch  8 taken 0
        1:  128-block  2
call    9 returned 1
branch 10 taken 1 (fallthrough)
branch 11 taken 0 (throw)
        1:  128-block  3
call   12 returned 1
    %%%%%:  128-block  4
call   13 never executed
branch 14 never executed
branch 15 never executed
    %%%%%:  128-block  5
call   16 never executed
branch 17 never executed
branch 18 never executed
    %%%%%:  128-block  6
call   19 never executed
call   20 never executed
branch 21 never executed
branch 22 never executed
    %%%%%:  128-block  7
call   23 never executed
branch 24 never executed
branch 25 never executed
    %%%%%:  128-block  8
call   26 never executed
call   27 never executed
call   28 never executed
        1:  128-block  9
call   29 returned 1
    $$$$$:  128-block 10
call   30 never executed
call   31 never executed
branch 32 never executed
branch 33 never executed
    $$$$$:  128-block 11
call   34 never executed
branch 35 never executed
branch 36 never executed
    $$$$$:  128-block 12
call   37 never executed
branch 38 never executed
branch 39 never executed
    $$$$$:  128-block 13
call   40 never executed
call   41 never executed
branch 42 never executed
branch 43 never executed
    $$$$$:  128-block 14
call   44 never executed
call   45 never executed
branch 46 never executed
branch 47 never executed
    $$$$$:  128-block 15
call   48 never executed
branch 49 never executed
branch 50 never executed
    $$$$$:  128-block 16
call   51 never executed
    $$$$$:  128-block 17
call   52 never executed
call   53 never executed
branch 54 never executed
branch 55 never executed
    $$$$$:  128-block 18
call   56 never executed
branch 57 never executed
branch 58 never executed
    $$$$$:  128-block 19
call   59 never executed
    $$$$$:  128-block 20
    $$$$$:  128-block 21
call   60 never executed
    $$$$$:  128-block 22
call   61 never executed
    $$$$$:  128-block 23
call   62 never executed
    $$$$$:  128-block 24
    $$$$$:  128-block 25
call   63 never executed
    $$$$$:  128-block 26
    $$$$$:  128-block 27
call   64 never executed
    $$$$$:  128-block 28
    $$$$$:  128-block 29
call   65 never executed
        2:  129:    Triangle f(array);
call    0 returned 1
branch  1 taken 1 (fallthrough)
branch  2 taken 0 (throw)
call    3 returned 1
    $$$$$:  129-block  0
call    4 never executed
       2*:  130:    EXPECT_ANY_THROW(f.change_point(array[2], 2, 0)); // Not a triangle
        1:  130-block  0
call    0 returned 1
branch  1 taken 1 (fallthrough)
branch  2 taken 0 (throw)
        1:  130-block  1
branch  3 taken 1 (fallthrough)
branch  4 taken 0
        1:  130-block  2
call    5 returned 1
branch  6 taken 1 (fallthrough)
branch  7 taken 0 (throw)
        1:  130-block  3
branch  8 taken 1 (fallthrough)
branch  9 taken 0
        1:  130-block  4
call   10 returned 1
call   11 returned 1
branch 12 taken 0 (fallthrough)
branch 13 taken 1 (throw)
        1:  130-block  5
branch 14 taken 0 (fallthrough)
branch 15 taken 1
    %%%%%:  130-block  6
    %%%%%:  130-block  7
call   16 never executed
branch 17 never executed
branch 18 never executed
    %%%%%:  130-block  8
call   19 never executed
branch 20 never executed
branch 21 never executed
    %%%%%:  130-block  9
call   22 never executed
branch 23 never executed
branch 24 never executed
    %%%%%:  130-block 10
call   25 never executed
call   26 never executed
        1:  130-block 11
call   27 returned 1
call   28 returned 1
branch 29 taken 1 (fallthrough)
branch 30 taken 0 (throw)
    $$$$$:  130-block 12
call   31 never executed
    $$$$$:  130-block 13
    $$$$$:  130-block 14
call   32 never executed
    $$$$$:  130-block 15
       2*:  131:    EXPECT_ANY_THROW(f.change_point(array[2], 0, 0)); // Already exists
        1:  131-block  0
call    0 returned 1
branch  1 taken 1 (fallthrough)
branch  2 taken 0 (throw)
        1:  131-block  1
branch  3 taken 1 (fallthrough)
branch  4 taken 0
        1:  131-block  2
call    5 returned 1
branch  6 taken 1 (fallthrough)
branch  7 taken 0 (throw)
        1:  131-block  3
branch  8 taken 1 (fallthrough)
branch  9 taken 0
        1:  131-block  4
call   10 returned 1
call   11 returned 1
branch 12 taken 0 (fallthrough)
branch 13 taken 1 (throw)
        1:  131-block  5
branch 14 taken 0 (fallthrough)
branch 15 taken 1
    %%%%%:  131-block  6
    %%%%%:  131-block  7
call   16 never executed
branch 17 never executed
branch 18 never executed
    %%%%%:  131-block  8
call   19 never executed
branch 20 never executed
branch 21 never executed
    %%%%%:  131-block  9
call   22 never executed
branch 23 never executed
branch 24 never executed
    %%%%%:  131-block 10
call   25 never executed
call   26 never executed
        1:  131-block 11
call   27 returned 1
call   28 returned 1
branch 29 taken 1 (fallthrough)
branch 30 taken 0 (throw)
    $$$$$:  131-block 12
call   31 never executed
    $$$$$:  131-block 13
    $$$$$:  131-block 14
call   32 never executed
    $$$$$:  131-block 15
       1*:  132:    EXPECT_NO_THROW(f.change_point(array[2],2, 4));
        1:  132-block  0
call    0 returned 1
call    1 returned 1
branch  2 taken 1 (fallthrough)
branch  3 taken 0
        1:  132-block  1
call    4 returned 1
branch  5 taken 1 (fallthrough)
branch  6 taken 0 (throw)
        1:  132-block  2
branch  7 taken 1 (fallthrough)
branch  8 taken 0
        1:  132-block  3
call    9 returned 1
call   10 returned 1
branch 11 taken 1 (fallthrough)
branch 12 taken 0 (throw)
    %%%%%:  132-block  4
call   13 never executed
branch 14 never executed
branch 15 never executed
    %%%%%:  132-block  5
call   16 never executed
branch 17 never executed
branch 18 never executed
    %%%%%:  132-block  6
call   19 never executed
call   20 never executed
branch 21 never executed
branch 22 never executed
    %%%%%:  132-block  7
call   23 never executed
branch 24 never executed
branch 25 never executed
    %%%%%:  132-block  8
call   26 never executed
call   27 never executed
call   28 never executed
        1:  132-block  9
call   29 returned 1
    $$$$$:  132-block 10
call   30 never executed
call   31 never executed
branch 32 never executed
branch 33 never executed
    $$$$$:  132-block 11
call   34 never executed
branch 35 never executed
branch 36 never executed
    $$$$$:  132-block 12
call   37 never executed
branch 38 never executed
branch 39 never executed
    $$$$$:  132-block 13
call   40 never executed
call   41 never executed
branch 42 never executed
branch 43 never executed
    $$$$$:  132-block 14
call   44 never executed
call   45 never executed
branch 46 never executed
branch 47 never executed
    $$$$$:  132-block 15
call   48 never executed
branch 49 never executed
branch 50 never executed
    $$$$$:  132-block 16
call   51 never executed
    $$$$$:  132-block 17
call   52 never executed
call   53 never executed
branch 54 never executed
branch 55 never executed
    $$$$$:  132-block 18
call   56 never executed
branch 57 never executed
branch 58 never executed
    $$$$$:  132-block 19
call   59 never executed
    $$$$$:  132-block 20
    $$$$$:  132-block 21
call   60 never executed
    $$$$$:  132-block 22
call   61 never executed
    $$$$$:  132-block 23
call   62 never executed
    $$$$$:  132-block 24
    $$$$$:  132-block 25
call   63 never executed
    $$$$$:  132-block 26
    $$$$$:  132-block 27
call   64 never executed
    $$$$$:  132-block 28
    $$$$$:  132-block 29
call   65 never executed
        1:  133:}
------------------
        -:  134:
        4:  135:TEST(Additional, DynamicPolymorphism) {
        1:  136:    Point a(0, 0);
        1:  137:    Point b(2, 0);
        1:  138:    Point c(2, 2);
        1:  139:    Point d(0, 2);
        2:  140:    std::vector<Point> triangle_vector = {a, b, c};
        2:  141:    std::vector<Point> trapezium_vector = {a, b, c, d};
        -:  142:
        -:  143:
       5*:  144:    EXPECT_NO_THROW(auto *e = new Point[4]);
       5*:  145:    EXPECT_NO_THROW(auto *f = new Polyline[4]);
       11:  146:    auto *test_polymorph = new Polyline[10];
       1*:  147:    EXPECT_NO_THROW(test_polymorph[0] = ClosedPolyline(triangle_vector));
       1*:  148:    EXPECT_NO_THROW(test_polymorph[1] = Polygon(triangle_vector));
       1*:  149:    EXPECT_NO_THROW(test_polymorph[2] = Triangle(triangle_vector));
       1*:  150:    EXPECT_NO_THROW(test_polymorph[3] = Trapezium(trapezium_vector));
       1*:  151:    EXPECT_NO_THROW(test_polymorph[4] = CorrectPolygon(trapezium_vector));
        -:  152:
        6:  153:    for (int i = 0; i < 5; ++i) {
       5*:  154:        EXPECT_NO_THROW(test_polymorph[i].get_polyline());
        -:  155:    }
        -:  156:
       12:  157:    delete[] test_polymorph;
        -:  158:    
       11:  159:    auto *test_figure_polymorph = new Polygon[10];
       1*:  160:    EXPECT_NO_THROW(test_figure_polymorph[1] = Polygon(triangle_vector));
       1*:  161:    EXPECT_NO_THROW(test_figure_polymorph[2] = Triangle(triangle_vector));
       1*:  162:    EXPECT_NO_THROW(test_figure_polymorph[3] = Trapezium(trapezium_vector));
       1*:  163:    EXPECT_NO_THROW(test_figure_polymorph[4] = CorrectPolygon(trapezium_vector));
        -:  164:
        6:  165:    for (int i = 0; i < 5; ++i) {
       5*:  166:        EXPECT_NO_THROW(test_figure_polymorph[i].get_square());
       5*:  167:        EXPECT_NO_THROW(test_figure_polymorph[i].get_perimeter());
       5*:  168:        EXPECT_NO_THROW(test_figure_polymorph[i].get_polyline());
        -:  169:    }
        1:  170:}
------------------
_ZN35Additional_DynamicPolymorphism_TestC2Ev:
function _ZN35Additional_DynamicPolymorphism_TestC2Ev called 1 returned 100% blocks executed 100%
        1:  135:TEST(Additional, DynamicPolymorphism) {
        1:  135-block  0
call    0 returned 1
------------------
_ZN35Additional_DynamicPolymorphism_TestD0Ev:
function _ZN35Additional_DynamicPolymorphism_TestD0Ev called 1 returned 100% blocks executed 100%
        1:  135:TEST(Additional, DynamicPolymorphism) {
        1:  135-block  0
call    0 returned 1
call    1 returned 1
------------------
_ZN35Additional_DynamicPolymorphism_TestD2Ev:
function _ZN35Additional_DynamicPolymorphism_TestD2Ev called 1 returned 100% blocks executed 100%
        1:  135:TEST(Additional, DynamicPolymorphism) {
        1:  135-block  0
call    0 returned 1
------------------
_ZN35Additional_DynamicPolymorphism_Test8TestBodyEv:
function _ZN35Additional_DynamicPolymorphism_Test8TestBodyEv called 1 returned 100% blocks executed 22%
        1:  135:TEST(Additional, DynamicPolymorphism) {
        1:  136:    Point a(0, 0);
        1:  136-block  0
call    0 returned 1
        1:  137:    Point b(2, 0);
call    0 returned 1
        1:  138:    Point c(2, 2);
call    0 returned 1
        1:  139:    Point d(0, 2);
call    0 returned 1
        2:  140:    std::vector<Point> triangle_vector = {a, b, c};
call    0 returned 1
call    1 returned 1
call    2 returned 1
call    3 returned 1
call    4 returned 1
branch  5 taken 1 (fallthrough)
branch  6 taken 0 (throw)
call    7 returned 1
    $$$$$:  140-block  0
    $$$$$:  140-block  1
    $$$$$:  140-block  2
call    8 never executed
        2:  141:    std::vector<Point> trapezium_vector = {a, b, c, d};
call    0 returned 1
call    1 returned 1
call    2 returned 1
call    3 returned 1
call    4 returned 1
call    5 returned 1
branch  6 taken 1 (fallthrough)
branch  7 taken 0 (throw)
        1:  141-block  0
call    8 returned 1
    $$$$$:  141-block  1
    $$$$$:  141-block  2
    $$$$$:  141-block  3
call    9 never executed
        -:  142:
        -:  143:
       5*:  144:    EXPECT_NO_THROW(auto *e = new Point[4]);
call    0 returned 1
call    1 returned 1
branch  2 taken 1 (fallthrough)
branch  3 taken 0
        1:  144-block  0
call    4 returned 1
branch  5 taken 1 (fallthrough)
branch  6 taken 0 (throw)
        1:  144-block  1
branch  7 taken 1 (fallthrough)
branch  8 taken 0
        1:  144-block  2
call    9 returned 1
branch 10 taken 1 (fallthrough)
branch 11 taken 0 (throw)
        1:  144-block  3
        5:  144-block  4
branch 12 taken 4 (fallthrough)
branch 13 taken 1
        4:  144-block  5
call   14 returned 4
        1:  144-block  6
    %%%%%:  144-block  7
call   15 never executed
branch 16 never executed
branch 17 never executed
    %%%%%:  144-block  8
call   18 never executed
branch 19 never executed
branch 20 never executed
    %%%%%:  144-block  9
call   21 never executed
call   22 never executed
branch 23 never executed
branch 24 never executed
    %%%%%:  144-block 10
call   25 never executed
branch 26 never executed
branch 27 never executed
    %%%%%:  144-block 11
call   28 never executed
call   29 never executed
call   30 never executed
        1:  144-block 12
call   31 returned 1
    $$$$$:  144-block 13
call   32 never executed
call   33 never executed
branch 34 never executed
branch 35 never executed
    $$$$$:  144-block 14
call   36 never executed
branch 37 never executed
branch 38 never executed
    $$$$$:  144-block 15
call   39 never executed
branch 40 never executed
branch 41 never executed
    $$$$$:  144-block 16
call   42 never executed
call   43 never executed
branch 44 never executed
branch 45 never executed
    $$$$$:  144-block 17
call   46 never executed
call   47 never executed
branch 48 never executed
branch 49 never executed
    $$$$$:  144-block 18
call   50 never executed
branch 51 never executed
branch 52 never executed
    $$$$$:  144-block 19
call   53 never executed
    $$$$$:  144-block 20
call   54 never executed
call   55 never executed
branch 56 never executed
branch 57 never executed
    $$$$$:  144-block 21
call   58 never executed
branch 59 never executed
branch 60 never executed
    $$$$$:  144-block 22
call   61 never executed
    $$$$$:  144-block 23
    $$$$$:  144-block 24
call   62 never executed
    $$$$$:  144-block 25
call   63 never executed
    $$$$$:  144-block 26
call   64 never executed
    $$$$$:  144-block 27
    $$$$$:  144-block 28
call   65 never executed
    $$$$$:  144-block 29
    $$$$$:  144-block 30
call   66 never executed
    $$$$$:  144-block 31
    $$$$$:  144-block 32
call   67 never executed
       5*:  145:    EXPECT_NO_THROW(auto *f = new Polyline[4]);
call    0 returned 1
call    1 returned 1
branch  2 taken 1 (fallthrough)
branch  3 taken 0
        1:  145-block  0
call    4 returned 1
branch  5 taken 1 (fallthrough)
branch  6 taken 0 (throw)
        1:  145-block  1
branch  7 taken 1 (fallthrough)
branch  8 taken 0
        1:  145-block  2
call    9 returned 1
branch 10 taken 1 (fallthrough)
branch 11 taken 0 (throw)
        1:  145-block  3
        5:  145-block  4
branch 12 taken 4 (fallthrough)
branch 13 taken 1
        4:  145-block  5
call   14 returned 4
        1:  145-block  6
    %%%%%:  145-block  7
call   15 never executed
branch 16 never executed
branch 17 never executed
    %%%%%:  145-block  8
call   18 never executed
branch 19 never executed
branch 20 never executed
    %%%%%:  145-block  9
call   21 never executed
call   22 never executed
branch 23 never executed
branch 24 never executed
    %%%%%:  145-block 10
call   25 never executed
branch 26 never executed
branch 27 never executed
    %%%%%:  145-block 11
call   28 never executed
call   29 never executed
call   30 never executed
        1:  145-block 12
call   31 returned 1
    $$$$$:  145-block 13
call   32 never executed
call   33 never executed
branch 34 never executed
branch 35 never executed
    $$$$$:  145-block 14
call   36 never executed
branch 37 never executed
branch 38 never executed
    $$$$$:  145-block 15
call   39 never executed
branch 40 never executed
branch 41 never executed
    $$$$$:  145-block 16
call   42 never executed
call   43 never executed
branch 44 never executed
branch 45 never executed
    $$$$$:  145-block 17
call   46 never executed
call   47 never executed
branch 48 never executed
branch 49 never executed
    $$$$$:  145-block 18
call   50 never executed
branch 51 never executed
branch 52 never executed
    $$$$$:  145-block 19
call   53 never executed
    $$$$$:  145-block 20
call   54 never executed
call   55 never executed
branch 56 never executed
branch 57 never executed
    $$$$$:  145-block 21
call   58 never executed
branch 59 never executed
branch 60 never executed
    $$$$$:  145-block 22
call   61 never executed
    $$$$$:  145-block 23
    $$$$$:  145-block 24
call   62 never executed
    $$$$$:  145-block 25
call   63 never executed
    $$$$$:  145-block 26
call   64 never executed
    $$$$$:  145-block 27
    $$$$$:  145-block 28
call   65 never executed
    $$$$$:  145-block 29
    $$$$$:  145-block 30
call   66 never executed
    $$$$$:  145-block 31
    $$$$$:  145-block 32
call   67 never executed
       11:  146:    auto *test_polymorph = new Polyline[10];
call    0 returned 1
branch  1 taken 1 (fallthrough)
branch  2 taken 0 (throw)
        1:  146-block  0
       11:  146-block  1
branch  3 taken 10 (fallthrough)
branch  4 taken 1
       10:  146-block  2
call    5 returned 10
       1*:  147:    EXPECT_NO_THROW(test_polymorph[0] = ClosedPolyline(triangle_vector));
        1:  147-block  0
call    0 returned 1
call    1 returned 1
branch  2 taken 1 (fallthrough)
branch  3 taken 0
        1:  147-block  1
call    4 returned 1
branch  5 taken 1 (fallthrough)
branch  6 taken 0 (throw)
        1:  147-block  2
branch  7 taken 1 (fallthrough)
branch  8 taken 0
        1:  147-block  3
call    9 returned 1
branch 10 taken 1 (fallthrough)
branch 11 taken 0 (throw)
        1:  147-block  4
call   12 returned 1
call   13 returned 1
    %%%%%:  147-block  5
call   14 never executed
branch 15 never executed
branch 16 never executed
    %%%%%:  147-block  6
call   17 never executed
branch 18 never executed
branch 19 never executed
    %%%%%:  147-block  7
call   20 never executed
call   21 never executed
branch 22 never executed
branch 23 never executed
    %%%%%:  147-block  8
call   24 never executed
branch 25 never executed
branch 26 never executed
    %%%%%:  147-block  9
call   27 never executed
call   28 never executed
call   29 never executed
        1:  147-block 10
call   30 returned 1
    $$$$$:  147-block 11
call   31 never executed
call   32 never executed
branch 33 never executed
branch 34 never executed
    $$$$$:  147-block 12
call   35 never executed
branch 36 never executed
branch 37 never executed
    $$$$$:  147-block 13
call   38 never executed
branch 39 never executed
branch 40 never executed
    $$$$$:  147-block 14
call   41 never executed
call   42 never executed
branch 43 never executed
branch 44 never executed
    $$$$$:  147-block 15
call   45 never executed
call   46 never executed
branch 47 never executed
branch 48 never executed
    $$$$$:  147-block 16
call   49 never executed
branch 50 never executed
branch 51 never executed
    $$$$$:  147-block 17
call   52 never executed
    $$$$$:  147-block 18
call   53 never executed
call   54 never executed
branch 55 never executed
branch 56 never executed
    $$$$$:  147-block 19
call   57 never executed
branch 58 never executed
branch 59 never executed
    $$$$$:  147-block 20
call   60 never executed
    $$$$$:  147-block 21
    $$$$$:  147-block 22
call   61 never executed
    $$$$$:  147-block 23
call   62 never executed
    $$$$$:  147-block 24
call   63 never executed
    $$$$$:  147-block 25
    $$$$$:  147-block 26
call   64 never executed
    $$$$$:  147-block 27
    $$$$$:  147-block 28
call   65 never executed
    $$$$$:  147-block 29
    $$$$$:  147-block 30
call   66 never executed
       1*:  148:    EXPECT_NO_THROW(test_polymorph[1] = Polygon(triangle_vector));
call    0 returned 1
call    1 returned 1
branch  2 taken 1 (fallthrough)
branch  3 taken 0
        1:  148-block  0
call    4 returned 1
branch  5 taken 1 (fallthrough)
branch  6 taken 0 (throw)
        1:  148-block  1
branch  7 taken 1 (fallthrough)
branch  8 taken 0
        1:  148-block  2
call    9 returned 1
branch 10 taken 1 (fallthrough)
branch 11 taken 0 (throw)
        1:  148-block  3
call   12 returned 1
call   13 returned 1
    %%%%%:  148-block  4
call   14 never executed
branch 15 never executed
branch 16 never executed
    %%%%%:  148-block  5
call   17 never executed
branch 18 never executed
branch 19 never executed
    %%%%%:  148-block  6
call   20 never executed
call   21 never executed
branch 22 never executed
branch 23 never executed
    %%%%%:  148-block  7
call   24 never executed
branch 25 never executed
branch 26 never executed
    %%%%%:  148-block  8
call   27 never executed
call   28 never executed
call   29 never executed
        1:  148-block  9
call   30 returned 1
    $$$$$:  148-block 10
call   31 never executed
call   32 never executed
branch 33 never executed
branch 34 never executed
    $$$$$:  148-block 11
call   35 never executed
branch 36 never executed
branch 37 never executed
    $$$$$:  148-block 12
call   38 never executed
branch 39 never executed
branch 40 never executed
    $$$$$:  148-block 13
call   41 never executed
call   42 never executed
branch 43 never executed
branch 44 never executed
    $$$$$:  148-block 14
call   45 never executed
call   46 never executed
branch 47 never executed
branch 48 never executed
    $$$$$:  148-block 15
call   49 never executed
[...]
branch  6 taken 0 (throw)
        1:  175-block  1
branch  7 taken 1 (fallthrough)
branch  8 taken 0
        1:  175-block  2
call    9 returned 1
call   10 returned 1
branch 11 taken 1 (fallthrough)
branch 12 taken 0 (throw)
        1:  175-block  3
call   13 returned 1
branch 14 taken 1 (fallthrough)
branch 15 taken 0 (throw)
call   16 returned 1
call   17 returned 1
    %%%%%:  175-block  4
call   18 never executed
branch 19 never executed
branch 20 never executed
    %%%%%:  175-block  5
call   21 never executed
branch 22 never executed
branch 23 never executed
    %%%%%:  175-block  6
call   24 never executed
call   25 never executed
branch 26 never executed
branch 27 never executed
    %%%%%:  175-block  7
call   28 never executed
branch 29 never executed
branch 30 never executed
    %%%%%:  175-block  8
call   31 never executed
call   32 never executed
call   33 never executed
        1:  175-block  9
call   34 returned 1
    $$$$$:  175-block 10
    $$$$$:  175-block 11
    $$$$$:  175-block 12
call   35 never executed
call   36 never executed
branch 37 never executed
branch 38 never executed
    $$$$$:  175-block 13
call   39 never executed
branch 40 never executed
branch 41 never executed
    $$$$$:  175-block 14
call   42 never executed
branch 43 never executed
branch 44 never executed
    $$$$$:  175-block 15
call   45 never executed
call   46 never executed
branch 47 never executed
branch 48 never executed
    $$$$$:  175-block 16
call   49 never executed
call   50 never executed
branch 51 never executed
branch 52 never executed
    $$$$$:  175-block 17
call   53 never executed
branch 54 never executed
branch 55 never executed
    $$$$$:  175-block 18
call   56 never executed
    $$$$$:  175-block 19
call   57 never executed
call   58 never executed
branch 59 never executed
branch 60 never executed
    $$$$$:  175-block 20
call   61 never executed
branch 62 never executed
branch 63 never executed
    $$$$$:  175-block 21
call   64 never executed
    $$$$$:  175-block 22
    $$$$$:  175-block 23
call   65 never executed
    $$$$$:  175-block 24
call   66 never executed
    $$$$$:  175-block 25
call   67 never executed
    $$$$$:  175-block 26
    $$$$$:  175-block 27
call   68 never executed
    $$$$$:  175-block 28
    $$$$$:  175-block 29
call   69 never executed
    $$$$$:  175-block 30
    $$$$$:  175-block 31
call   70 never executed
        3:  176:    Variable a(1, "x", 2);
call    0 returned 1
call    1 returned 1
branch  2 taken 1 (fallthrough)
branch  3 taken 0 (throw)
        1:  176-block  0
call    4 returned 1
branch  5 taken 1 (fallthrough)
branch  6 taken 0 (throw)
call    7 returned 1
call    8 returned 1
    $$$$$:  176-block  1
    $$$$$:  176-block  2
    $$$$$:  176-block  3
call    9 never executed
       1*:  177:    EXPECT_DOUBLE_EQ(a.get_coefficient(), 1e0);
call    0 returned 1
call    1 returned 1
branch  2 taken 1 (fallthrough)
branch  3 taken 0 (throw)
        1:  177-block  0
call    4 returned 1
branch  5 taken 0 (fallthrough)
branch  6 taken 1
    %%%%%:  177-block  1
call    7 never executed
branch  8 never executed
branch  9 never executed
    %%%%%:  177-block  2
call   10 never executed
call   11 never executed
branch 12 never executed
branch 13 never executed
    %%%%%:  177-block  3
call   14 never executed
branch 15 never executed
branch 16 never executed
    %%%%%:  177-block  4
call   17 never executed
call   18 never executed
        1:  177-block  5
call   19 returned 1
    $$$$$:  177-block  6
call   20 never executed
    $$$$$:  177-block  7
    $$$$$:  177-block  8
call   21 never executed
    $$$$$:  177-block  9
    $$$$$:  177-block 10
call   22 never executed
       1*:  178:    EXPECT_DOUBLE_EQ(a.get_power(), 2e0);
call    0 returned 1
call    1 returned 1
branch  2 taken 1 (fallthrough)
branch  3 taken 0 (throw)
        1:  178-block  0
call    4 returned 1
branch  5 taken 0 (fallthrough)
branch  6 taken 1
    %%%%%:  178-block  1
call    7 never executed
branch  8 never executed
branch  9 never executed
    %%%%%:  178-block  2
call   10 never executed
call   11 never executed
branch 12 never executed
branch 13 never executed
    %%%%%:  178-block  3
call   14 never executed
branch 15 never executed
branch 16 never executed
    %%%%%:  178-block  4
call   17 never executed
call   18 never executed
        1:  178-block  5
call   19 returned 1
    $$$$$:  178-block  6
call   20 never executed
    $$$$$:  178-block  7
    $$$$$:  178-block  8
call   21 never executed
    $$$$$:  178-block  9
    $$$$$:  178-block 10
call   22 never executed
       2*:  179:    EXPECT_STREQ(a.get_name().c_str(), "x");
call    0 returned 1
branch  1 taken 1 (fallthrough)
branch  2 taken 0 (throw)
        1:  179-block  0
call    3 returned 1
call    4 returned 1
branch  5 taken 1 (fallthrough)
branch  6 taken 0 (throw)
call    7 returned 1
branch  8 taken 0 (fallthrough)
branch  9 taken 1
    %%%%%:  179-block  1
call   10 never executed
branch 11 never executed
branch 12 never executed
    %%%%%:  179-block  2
call   13 never executed
call   14 never executed
branch 15 never executed
branch 16 never executed
    %%%%%:  179-block  3
call   17 never executed
branch 18 never executed
branch 19 never executed
    %%%%%:  179-block  4
call   20 never executed
call   21 never executed
        1:  179-block  5
call   22 returned 1
    $$$$$:  179-block  6
    $$$$$:  179-block  7
call   23 never executed
    $$$$$:  179-block  8
    $$$$$:  179-block  9
call   24 never executed
    $$$$$:  179-block 10
    $$$$$:  179-block 11
call   25 never executed
        1:  180:}
------------------
        -:  181:
        4:  182:TEST(Polynom, Init) {
        3:  183:    Variable a;
        3:  184:    Variable b(1, "x", 2);
        3:  185:    Variable c(-2, "x", 1);
       2*:  186:    EXPECT_NO_THROW(Polynom e(a));
        6:  187:    std::vector<Variable> d = {a, b, c};
       2*:  188:    EXPECT_NO_THROW(Polynom e(d));
        1:  189:}
------------------
_ZN17Polynom_Init_TestC2Ev:
function _ZN17Polynom_Init_TestC2Ev called 1 returned 100% blocks executed 100%
        1:  182:TEST(Polynom, Init) {
        1:  182-block  0
call    0 returned 1
------------------
_ZN17Polynom_Init_TestD0Ev:
function _ZN17Polynom_Init_TestD0Ev called 1 returned 100% blocks executed 100%
        1:  182:TEST(Polynom, Init) {
        1:  182-block  0
call    0 returned 1
call    1 returned 1
------------------
_ZN17Polynom_Init_TestD2Ev:
function _ZN17Polynom_Init_TestD2Ev called 1 returned 100% blocks executed 100%
        1:  182:TEST(Polynom, Init) {
        1:  182-block  0
call    0 returned 1
------------------
_ZN17Polynom_Init_Test8TestBodyEv:
function _ZN17Polynom_Init_Test8TestBodyEv called 1 returned 100% blocks executed 29%
        1:  182:TEST(Polynom, Init) {
        3:  183:    Variable a;
        1:  183-block  0
call    0 returned 1
call    1 returned 1
branch  2 taken 1 (fallthrough)
branch  3 taken 0 (throw)
        1:  183-block  1
call    4 returned 1
branch  5 taken 1 (fallthrough)
branch  6 taken 0 (throw)
call    7 returned 1
call    8 returned 1
    $$$$$:  183-block  2
    $$$$$:  183-block  3
    $$$$$:  183-block  4
call    9 never executed
        3:  184:    Variable b(1, "x", 2);
call    0 returned 1
call    1 returned 1
branch  2 taken 1 (fallthrough)
branch  3 taken 0 (throw)
        1:  184-block  0
call    4 returned 1
branch  5 taken 1 (fallthrough)
branch  6 taken 0 (throw)
call    7 returned 1
call    8 returned 1
    $$$$$:  184-block  1
    $$$$$:  184-block  2
    $$$$$:  184-block  3
call    9 never executed
        3:  185:    Variable c(-2, "x", 1);
call    0 returned 1
call    1 returned 1
branch  2 taken 1 (fallthrough)
branch  3 taken 0 (throw)
        1:  185-block  0
call    4 returned 1
branch  5 taken 1 (fallthrough)
branch  6 taken 0 (throw)
call    7 returned 1
call    8 returned 1
    $$$$$:  185-block  1
    $$$$$:  185-block  2
    $$$$$:  185-block  3
call    9 never executed
       2*:  186:    EXPECT_NO_THROW(Polynom e(a));
call    0 returned 1
call    1 returned 1
branch  2 taken 1 (fallthrough)
branch  3 taken 0
        1:  186-block  0
call    4 returned 1
branch  5 taken 1 (fallthrough)
branch  6 taken 0 (throw)
        1:  186-block  1
branch  7 taken 1 (fallthrough)
branch  8 taken 0
        1:  186-block  2
call    9 returned 1
branch 10 taken 1 (fallthrough)
branch 11 taken 0 (throw)
        1:  186-block  3
call   12 returned 1
    %%%%%:  186-block  4
call   13 never executed
branch 14 never executed
branch 15 never executed
    %%%%%:  186-block  5
call   16 never executed
branch 17 never executed
branch 18 never executed
    %%%%%:  186-block  6
call   19 never executed
call   20 never executed
branch 21 never executed
branch 22 never executed
    %%%%%:  186-block  7
call   23 never executed
branch 24 never executed
branch 25 never executed
    %%%%%:  186-block  8
call   26 never executed
call   27 never executed
call   28 never executed
        1:  186-block  9
call   29 returned 1
    $$$$$:  186-block 10
call   30 never executed
call   31 never executed
branch 32 never executed
branch 33 never executed
    $$$$$:  186-block 11
call   34 never executed
branch 35 never executed
branch 36 never executed
    $$$$$:  186-block 12
call   37 never executed
branch 38 never executed
branch 39 never executed
    $$$$$:  186-block 13
call   40 never executed
call   41 never executed
branch 42 never executed
branch 43 never executed
    $$$$$:  186-block 14
call   44 never executed
call   45 never executed
branch 46 never executed
branch 47 never executed
    $$$$$:  186-block 15
call   48 never executed
branch 49 never executed
branch 50 never executed
    $$$$$:  186-block 16
call   51 never executed
    $$$$$:  186-block 17
call   52 never executed
call   53 never executed
branch 54 never executed
branch 55 never executed
    $$$$$:  186-block 18
call   56 never executed
branch 57 never executed
branch 58 never executed
    $$$$$:  186-block 19
call   59 never executed
    $$$$$:  186-block 20
    $$$$$:  186-block 21
call   60 never executed
    $$$$$:  186-block 22
call   61 never executed
    $$$$$:  186-block 23
call   62 never executed
    $$$$$:  186-block 24
    $$$$$:  186-block 25
call   63 never executed
    $$$$$:  186-block 26
    $$$$$:  186-block 27
call   64 never executed
    $$$$$:  186-block 28
    $$$$$:  186-block 29
call   65 never executed
        6:  187:    std::vector<Variable> d = {a, b, c};
call    0 returned 1
branch  1 taken 1 (fallthrough)
branch  2 taken 0 (throw)
        1:  187-block  0
call    3 returned 1
branch  4 taken 1 (fallthrough)
branch  5 taken 0 (throw)
        1:  187-block  1
call    6 returned 1
branch  7 taken 1 (fallthrough)
branch  8 taken 0 (throw)
        1:  187-block  2
call    9 returned 1
call   10 returned 1
branch 11 taken 1 (fallthrough)
branch 12 taken 0 (throw)
        3:  187-block  3
call   13 returned 3
call   14 returned 1
    $$$$$:  187-block  4
    $$$$$:  187-block  5
call   15 never executed
    $$$$$:  187-block  6
    $$$$$:  187-block  7
call   16 never executed
       2*:  188:    EXPECT_NO_THROW(Polynom e(d));
        1:  188-block  0
call    0 returned 1
call    1 returned 1
branch  2 taken 1 (fallthrough)
branch  3 taken 0
        1:  188-block  1
call    4 returned 1
branch  5 taken 1 (fallthrough)
branch  6 taken 0 (throw)
        1:  188-block  2
branch  7 taken 1 (fallthrough)
branch  8 taken 0
        1:  188-block  3
call    9 returned 1
branch 10 taken 1 (fallthrough)
branch 11 taken 0 (throw)
        1:  188-block  4
call   12 returned 1
    %%%%%:  188-block  5
call   13 never executed
branch 14 never executed
branch 15 never executed
    %%%%%:  188-block  6
call   16 never executed
branch 17 never executed
branch 18 never executed
    %%%%%:  188-block  7
call   19 never executed
call   20 never executed
branch 21 never executed
branch 22 never executed
    %%%%%:  188-block  8
call   23 never executed
branch 24 never executed
branch 25 never executed
    %%%%%:  188-block  9
call   26 never executed
call   27 never executed
call   28 never executed
        1:  188-block 10
call   29 returned 1
    $$$$$:  188-block 11
call   30 never executed
call   31 never executed
branch 32 never executed
branch 33 never executed
    $$$$$:  188-block 12
call   34 never executed
branch 35 never executed
branch 36 never executed
    $$$$$:  188-block 13
call   37 never executed
branch 38 never executed
branch 39 never executed
    $$$$$:  188-block 14
call   40 never executed
call   41 never executed
branch 42 never executed
branch 43 never executed
    $$$$$:  188-block 15
call   44 never executed
call   45 never executed
branch 46 never executed
branch 47 never executed
    $$$$$:  188-block 16
call   48 never executed
branch 49 never executed
branch 50 never executed
    $$$$$:  188-block 17
call   51 never executed
    $$$$$:  188-block 18
call   52 never executed
call   53 never executed
branch 54 never executed
branch 55 never executed
    $$$$$:  188-block 19
call   56 never executed
branch 57 never executed
branch 58 never executed
    $$$$$:  188-block 20
call   59 never executed
    $$$$$:  188-block 21
    $$$$$:  188-block 22
call   60 never executed
    $$$$$:  188-block 23
call   61 never executed
    $$$$$:  188-block 24
call   62 never executed
    $$$$$:  188-block 25
    $$$$$:  188-block 26
call   63 never executed
    $$$$$:  188-block 27
    $$$$$:  188-block 28
call   64 never executed
    $$$$$:  188-block 29
    $$$$$:  188-block 30
call   65 never executed
        1:  189:}
------------------
        -:  190:
        4:  191:TEST(Polynom, Maths) {
        3:  192:    Variable a;
        3:  193:    Variable b(1, "x", 2);
        3:  194:    Variable c(-2, "x", 1);
        6:  195:    std::vector<Variable> d = {a, b, c};
        2:  196:    Polynom e(d);
        2:  197:    std::vector<std::pair< std::string, double>> f;
        1:  198:    f.emplace_back("x", 1e0);
       1*:  199:    EXPECT_DOUBLE_EQ(e.get_value(f), 1e0 * pow(1e0, 2e0) - 2e0 * 1e0);
        1:  200:    f[0].second = 2e0;
       1*:  201:    EXPECT_DOUBLE_EQ(e.get_value(f), 1e0 * pow(2e0, 2e0) - 2e0 * 2e0);
        1:  202:}
------------------
_ZN18Polynom_Maths_TestC2Ev:
function _ZN18Polynom_Maths_TestC2Ev called 1 returned 100% blocks executed 100%
        1:  191:TEST(Polynom, Maths) {
        1:  191-block  0
call    0 returned 1
------------------
_ZN18Polynom_Maths_TestD0Ev:
function _ZN18Polynom_Maths_TestD0Ev called 1 returned 100% blocks executed 100%
        1:  191:TEST(Polynom, Maths) {
        1:  191-block  0
call    0 returned 1
call    1 returned 1
------------------
_ZN18Polynom_Maths_TestD2Ev:
function _ZN18Polynom_Maths_TestD2Ev called 1 returned 100% blocks executed 100%
        1:  191:TEST(Polynom, Maths) {
        1:  191-block  0
call    0 returned 1
------------------
_ZN18Polynom_Maths_Test8TestBodyEv:
function _ZN18Polynom_Maths_Test8TestBodyEv called 1 returned 100% blocks executed 39%
        1:  191:TEST(Polynom, Maths) {
        3:  192:    Variable a;
        1:  192-block  0
call    0 returned 1
call    1 returned 1
branch  2 taken 1 (fallthrough)
branch  3 taken 0 (throw)
        1:  192-block  1
call    4 returned 1
branch  5 taken 1 (fallthrough)
branch  6 taken 0 (throw)
call    7 returned 1
call    8 returned 1
    $$$$$:  192-block  2
    $$$$$:  192-block  3
    $$$$$:  192-block  4
call    9 never executed
        3:  193:    Variable b(1, "x", 2);
call    0 returned 1
call    1 returned 1
branch  2 taken 1 (fallthrough)
branch  3 taken 0 (throw)
        1:  193-block  0
call    4 returned 1
branch  5 taken 1 (fallthrough)
branch  6 taken 0 (throw)
call    7 returned 1
call    8 returned 1
    $$$$$:  193-block  1
    $$$$$:  193-block  2
    $$$$$:  193-block  3
call    9 never executed
        3:  194:    Variable c(-2, "x", 1);
call    0 returned 1
call    1 returned 1
branch  2 taken 1 (fallthrough)
branch  3 taken 0 (throw)
        1:  194-block  0
call    4 returned 1
branch  5 taken 1 (fallthrough)
branch  6 taken 0 (throw)
call    7 returned 1
call    8 returned 1
    $$$$$:  194-block  1
    $$$$$:  194-block  2
    $$$$$:  194-block  3
call    9 never executed
        6:  195:    std::vector<Variable> d = {a, b, c};
call    0 returned 1
branch  1 taken 1 (fallthrough)
branch  2 taken 0 (throw)
        1:  195-block  0
call    3 returned 1
branch  4 taken 1 (fallthrough)
branch  5 taken 0 (throw)
        1:  195-block  1
call    6 returned 1
branch  7 taken 1 (fallthrough)
branch  8 taken 0 (throw)
        1:  195-block  2
call    9 returned 1
call   10 returned 1
branch 11 taken 1 (fallthrough)
branch 12 taken 0 (throw)
        3:  195-block  3
call   13 returned 3
call   14 returned 1
    $$$$$:  195-block  4
    $$$$$:  195-block  5
call   15 never executed
    $$$$$:  195-block  6
    $$$$$:  195-block  7
call   16 never executed
        2:  196:    Polynom e(d);
        1:  196-block  0
call    0 returned 1
branch  1 taken 1 (fallthrough)
branch  2 taken 0 (throw)
call    3 returned 1
    $$$$$:  196-block  1
call    4 never executed
        2:  197:    std::vector<std::pair< std::string, double>> f;
        1:  197-block  0
call    0 returned 1
call    1 returned 1
    $$$$$:  197-block  1
call    2 never executed
        1:  198:    f.emplace_back("x", 1e0);
call    0 returned 1
branch  1 taken 1 (fallthrough)
branch  2 taken 0 (throw)
    $$$$$:  198-block  0
       1*:  199:    EXPECT_DOUBLE_EQ(e.get_value(f), 1e0 * pow(1e0, 2e0) - 2e0 * 1e0);
        1:  199-block  0
call    0 returned 1
branch  1 taken 1 (fallthrough)
branch  2 taken 0 (throw)
        1:  199-block  1
call    3 returned 1
branch  4 taken 1 (fallthrough)
branch  5 taken 0 (throw)
        1:  199-block  2
call    6 returned 1
branch  7 taken 0 (fallthrough)
branch  8 taken 1
    %%%%%:  199-block  3
call    9 never executed
branch 10 never executed
branch 11 never executed
    %%%%%:  199-block  4
call   12 never executed
call   13 never executed
branch 14 never executed
branch 15 never executed
    %%%%%:  199-block  5
call   16 never executed
branch 17 never executed
branch 18 never executed
    %%%%%:  199-block  6
call   19 never executed
call   20 never executed
        1:  199-block  7
call   21 returned 1
    $$$$$:  199-block  8
call   22 never executed
    $$$$$:  199-block  9
    $$$$$:  199-block 10
call   23 never executed
    $$$$$:  199-block 11
    $$$$$:  199-block 12
call   24 never executed
        1:  200:    f[0].second = 2e0;
call    0 returned 1
       1*:  201:    EXPECT_DOUBLE_EQ(e.get_value(f), 1e0 * pow(2e0, 2e0) - 2e0 * 2e0);
call    0 returned 1
branch  1 taken 1 (fallthrough)
branch  2 taken 0 (throw)
        1:  201-block  0
call    3 returned 1
branch  4 taken 1 (fallthrough)
branch  5 taken 0 (throw)
        1:  201-block  1
call    6 returned 1
branch  7 taken 0 (fallthrough)
branch  8 taken 1
    %%%%%:  201-block  2
call    9 never executed
branch 10 never executed
branch 11 never executed
    %%%%%:  201-block  3
call   12 never executed
call   13 never executed
branch 14 never executed
branch 15 never executed
    %%%%%:  201-block  4
call   16 never executed
branch 17 never executed
branch 18 never executed
    %%%%%:  201-block  5
call   19 never executed
call   20 never executed
        1:  201-block  6
call   21 returned 1
    $$$$$:  201-block  7
call   22 never executed
    $$$$$:  201-block  8
    $$$$$:  201-block  9
call   23 never executed
    $$$$$:  201-block 10
    $$$$$:  201-block 11
call   24 never executed
        1:  202:}
------------------
        -:  203:
function main called 1 returned 100% blocks executed 100%
        1:  204:int main(int argc, char **argv) {
        1:  205:    ::testing::InitGoogleTest(&argc, argv);
        1:  205-block  0
call    0 returned 1
        1:  206:    RUN_ALL_TESTS();
call    0 returned 1
        1:  207:    return 0;
        -:  208:}
